Log file open, 10/10/16 20:19:55
LogInit:Display: Running engine for game: Spike17
LogPlatformFile: Not using cached read wrapper
LogInit:Display: RandInit(-905541923) SRandInit(-905541923).
LogTaskGraph: Started task graph with 5 named threads and 8 total threads with 1 sets of task threads.
LogStats: Stats thread started at 0.069356
LogPluginManager: Loaded Plugin Paper2D, From D:/Epic Games/4.13/Engine/Plugins/2D/Paper2D/Paper2D.uplugin
LogPluginManager: Loaded Plugin LightPropagationVolume, From D:/Epic Games/4.13/Engine/Plugins/Blendables/LightPropagationVolume/LightPropagationVolume.uplugin
LogPluginManager: Loaded Plugin BlankPlugin, From D:/Epic Games/4.13/Engine/Plugins/Developer/BlankPlugin/BlankPlugin.uplugin
LogPluginManager: Loaded Plugin CodeLiteSourceCodeAccess, From D:/Epic Games/4.13/Engine/Plugins/Developer/CodeLiteSourceCodeAccess/CodeLiteSourceCodeAccess.uplugin
LogPluginManager: Loaded Plugin GitSourceControl, From D:/Epic Games/4.13/Engine/Plugins/Developer/GitSourceControl/GitSourceControl.uplugin
LogPluginManager: Loaded Plugin KDevelopSourceCodeAccess, From D:/Epic Games/4.13/Engine/Plugins/Developer/KDevelopSourceCodeAccess/KDevelopSourceCodeAccess.uplugin
LogPluginManager: Loaded Plugin NullSourceCodeAccess, From D:/Epic Games/4.13/Engine/Plugins/Developer/NullSourceCodeAccess/NullSourceCodeAccess.uplugin
LogPluginManager: Loaded Plugin OneSkyLocalizationService, From D:/Epic Games/4.13/Engine/Plugins/Developer/OneSkyLocalizationService/OneSkyLocalizationService.uplugin
LogPluginManager: Loaded Plugin PerforceSourceControl, From D:/Epic Games/4.13/Engine/Plugins/Developer/PerforceSourceControl/PerforceSourceControl.uplugin
LogPluginManager: Loaded Plugin SubversionSourceControl, From D:/Epic Games/4.13/Engine/Plugins/Developer/SubversionSourceControl/SubversionSourceControl.uplugin
LogPluginManager: Loaded Plugin UObjectPlugin, From D:/Epic Games/4.13/Engine/Plugins/Developer/UObjectPlugin/UObjectPlugin.uplugin
LogPluginManager: Loaded Plugin VisualStudioSourceCodeAccess, From D:/Epic Games/4.13/Engine/Plugins/Developer/VisualStudioSourceCodeAccess/VisualStudioSourceCodeAccess.uplugin
LogPluginManager: Loaded Plugin XCodeSourceCodeAccess, From D:/Epic Games/4.13/Engine/Plugins/Developer/XCodeSourceCodeAccess/XCodeSourceCodeAccess.uplugin
LogPluginManager: Loaded Plugin EpicSurvey, From D:/Epic Games/4.13/Engine/Plugins/Editor/EpicSurvey/EpicSurvey.uplugin
LogPluginManager: Loaded Plugin MacGraphicsSwitching, From D:/Epic Games/4.13/Engine/Plugins/Editor/MacGraphicsSwitching/MacGraphicsSwitching.uplugin
LogPluginManager: Loaded Plugin MobileLauncherProfileWizard, From D:/Epic Games/4.13/Engine/Plugins/Editor/MobileLauncherProfileWizard/MobileLauncherProfileWizard.uplugin
LogPluginManager: Loaded Plugin PluginBrowser, From D:/Epic Games/4.13/Engine/Plugins/Editor/PluginBrowser/PluginBrowser.uplugin
LogPluginManager: Loaded Plugin SpeedTreeImporter, From D:/Epic Games/4.13/Engine/Plugins/Editor/SpeedTreeImporter/SpeedTreeImporter.uplugin
LogPluginManager: Loaded Plugin SuperSearchEditor, From D:/Epic Games/4.13/Engine/Plugins/Editor/SuperSearchEditor/SuperSearchEditor.uplugin
LogPluginManager: Loaded Plugin AlembicImporter, From D:/Epic Games/4.13/Engine/Plugins/Experimental/AlembicImporter/AlembicImporter.uplugin
LogPluginManager: Loaded Plugin BlueprintStats, From D:/Epic Games/4.13/Engine/Plugins/Experimental/BlueprintStats/BlueprintStats.uplugin
LogPluginManager: Loaded Plugin CharacterAI, From D:/Epic Games/4.13/Engine/Plugins/Experimental/CharacterAI/CharacterAI.uplugin
LogPluginManager: Loaded Plugin CodeEditor, From D:/Epic Games/4.13/Engine/Plugins/Experimental/CodeEditor/CodeEditor.uplugin
LogPluginManager: Loaded Plugin CodeView, From D:/Epic Games/4.13/Engine/Plugins/Experimental/CodeView/CodeView.uplugin
LogPluginManager: Loaded Plugin HTML5Networking, From D:/Epic Games/4.13/Engine/Plugins/Experimental/HTML5Networking/HTML5Networking.uplugin
LogPluginManager: Loaded Plugin LiveEditor, From D:/Epic Games/4.13/Engine/Plugins/Experimental/LiveEditor/LiveEditor.uplugin
LogPluginManager: Loaded Plugin OSVR, From D:/Epic Games/4.13/Engine/Plugins/Experimental/OSVR/OSVR.uplugin
LogPluginManager: Loaded Plugin Phya, From D:/Epic Games/4.13/Engine/Plugins/Experimental/Phya/Phya.uplugin
LogPluginManager: Loaded Plugin SignificanceManager, From D:/Epic Games/4.13/Engine/Plugins/Experimental/SignificanceManager/SignificanceManager.uplugin
LogPluginManager: Loaded Plugin SimpleHMD, From D:/Epic Games/4.13/Engine/Plugins/Experimental/SimpleHMD/SimpleHMD.uplugin
LogPluginManager: Loaded Plugin StereoPanorama, From D:/Epic Games/4.13/Engine/Plugins/Experimental/StereoPanorama/StereoPanorama.uplugin
LogPluginManager: Loaded Plugin StructBox, From D:/Epic Games/4.13/Engine/Plugins/Experimental/StructBox/StructBox.uplugin
LogPluginManager: Loaded Plugin AndroidMedia, From D:/Epic Games/4.13/Engine/Plugins/Media/AndroidMedia/AndroidMedia.uplugin
LogPluginManager: Loaded Plugin AvfMedia, From D:/Epic Games/4.13/Engine/Plugins/Media/AvfMedia/AvfMedia.uplugin
LogPluginManager: Loaded Plugin MediaPlayerEditor, From D:/Epic Games/4.13/Engine/Plugins/Media/MediaPlayerEditor/MediaPlayerEditor.uplugin
LogPluginManager: Loaded Plugin WmfMedia, From D:/Epic Games/4.13/Engine/Plugins/Media/WmfMedia/WmfMedia.uplugin
LogPluginManager: Loaded Plugin MessagingDebugger, From D:/Epic Games/4.13/Engine/Plugins/Messaging/MessagingDebugger/MessagingDebugger.uplugin
LogPluginManager: Loaded Plugin TcpMessaging, From D:/Epic Games/4.13/Engine/Plugins/Messaging/TcpMessaging/TcpMessaging.uplugin
LogPluginManager: Loaded Plugin UdpMessaging, From D:/Epic Games/4.13/Engine/Plugins/Messaging/UdpMessaging/UdpMessaging.uplugin
LogPluginManager: Loaded Plugin LevelSequenceEditor, From D:/Epic Games/4.13/Engine/Plugins/MovieScene/LevelSequenceEditor/LevelSequenceEditor.uplugin
LogPluginManager: Loaded Plugin MatineeToLevelSequence, From D:/Epic Games/4.13/Engine/Plugins/MovieScene/MatineeToLevelSequence/MatineeToLevelSequence.uplugin
LogPluginManager: Loaded Plugin NetcodeUnitTest, From D:/Epic Games/4.13/Engine/Plugins/NetcodeUnitTest/NetcodeUnitTest/NetcodeUnitTest.uplugin
LogPluginManager: Loaded Plugin NUTUnrealEngine4, From D:/Epic Games/4.13/Engine/Plugins/NetcodeUnitTest/NUTUnrealEngine4/NUTUnrealEngine4.uplugin
LogPluginManager: Loaded Plugin OnlineSubsystemGooglePlay, From D:/Epic Games/4.13/Engine/Plugins/Online/Android/OnlineSubsystemGooglePlay/OnlineSubsystemGooglePlay.uplugin
LogPluginManager: Loaded Plugin OnlineSubsystemIOS, From D:/Epic Games/4.13/Engine/Plugins/Online/IOS/OnlineSubsystemIOS/OnlineSubsystemIOS.uplugin
LogPluginManager: Loaded Plugin OnlineFramework, From D:/Epic Games/4.13/Engine/Plugins/Online/OnlineFramework/OnlineFramework.uplugin
LogPluginManager: Loaded Plugin OnlineSubsystem, From D:/Epic Games/4.13/Engine/Plugins/Online/OnlineSubsystem/OnlineSubsystem.uplugin
LogPluginManager: Loaded Plugin OnlineSubsystemAmazon, From D:/Epic Games/4.13/Engine/Plugins/Online/OnlineSubsystemAmazon/OnlineSubsystemAmazon.uplugin
LogPluginManager: Loaded Plugin OnlineSubsystemFacebook, From D:/Epic Games/4.13/Engine/Plugins/Online/OnlineSubsystemFacebook/OnlineSubsystemFacebook.uplugin
LogPluginManager: Loaded Plugin OnlineSubsystemNull, From D:/Epic Games/4.13/Engine/Plugins/Online/OnlineSubsystemNull/OnlineSubsystemNull.uplugin
LogPluginManager: Loaded Plugin OnlineSubsystemOculus, From D:/Epic Games/4.13/Engine/Plugins/Online/OnlineSubsystemOculus/OnlineSubsystemOculus.uplugin
LogPluginManager: Loaded Plugin OnlineSubsystemSteam, From D:/Epic Games/4.13/Engine/Plugins/Online/OnlineSubsystemSteam/OnlineSubsystemSteam.uplugin
LogPluginManager: Loaded Plugin OnlineSubsystemUtils, From D:/Epic Games/4.13/Engine/Plugins/Online/OnlineSubsystemUtils/OnlineSubsystemUtils.uplugin
LogPluginManager: Loaded Plugin IOSTapJoy, From D:/Epic Games/4.13/Engine/Plugins/Runtime/Advertising/IOSTapJoy/IOSTapJoy.uplugin
LogPluginManager: Loaded Plugin AnalyticsBlueprintLibrary, From D:/Epic Games/4.13/Engine/Plugins/Runtime/Analytics/AnalyticsBlueprintLibrary/AnalyticsBlueprintLibrary.uplugin
LogPluginManager: Loaded Plugin AnalyticsMulticast, From D:/Epic Games/4.13/Engine/Plugins/Runtime/Analytics/AnalyticsMulticast/AnalyticsMulticast.uplugin
LogPluginManager: Loaded Plugin Apsalar, From D:/Epic Games/4.13/Engine/Plugins/Runtime/Analytics/Apsalar/Apsalar.uplugin
LogPluginManager: Loaded Plugin FileLogging, From D:/Epic Games/4.13/Engine/Plugins/Runtime/Analytics/FileLogging/FileLogging.uplugin
LogPluginManager: Loaded Plugin Flurry, From D:/Epic Games/4.13/Engine/Plugins/Runtime/Analytics/Flurry/Flurry.uplugin
LogPluginManager: Loaded Plugin AndroidDeviceProfileSelector, From D:/Epic Games/4.13/Engine/Plugins/Runtime/AndroidDeviceProfileSelector/AndroidDeviceProfileSelector.uplugin
LogPluginManager: Loaded Plugin AndroidMoviePlayer, From D:/Epic Games/4.13/Engine/Plugins/Runtime/AndroidMoviePlayer/AndroidMoviePlayer.uplugin
LogPluginManager: Loaded Plugin AppleMoviePlayer, From D:/Epic Games/4.13/Engine/Plugins/Runtime/AppleMoviePlayer/AppleMoviePlayer.uplugin
LogPluginManager: Loaded Plugin ArchVisCharacter, From D:/Epic Games/4.13/Engine/Plugins/Runtime/ArchVisCharacter/ArchVisCharacter.uplugin
LogPluginManager: Loaded Plugin CableComponent, From D:/Epic Games/4.13/Engine/Plugins/Runtime/CableComponent/CableComponent.uplugin
LogPluginManager: Loaded Plugin CustomMeshComponent, From D:/Epic Games/4.13/Engine/Plugins/Runtime/CustomMeshComponent/CustomMeshComponent.uplugin
LogPluginManager: Loaded Plugin ExampleDeviceProfileSelector, From D:/Epic Games/4.13/Engine/Plugins/Runtime/ExampleDeviceProfileSelector/ExampleDeviceProfileSelector.uplugin
LogPluginManager: Loaded Plugin GearVR, From D:/Epic Games/4.13/Engine/Plugins/Runtime/GearVR/GearVR.uplugin
LogPluginManager: Loaded Plugin GoogleVRController, From D:/Epic Games/4.13/Engine/Plugins/Runtime/GoogleVR/GoogleVRController/GoogleVRController.uplugin
LogPluginManager: Loaded Plugin GoogleVRHMD, From D:/Epic Games/4.13/Engine/Plugins/Runtime/GoogleVR/GoogleVRHMD/GoogleVRHMD.uplugin
LogPluginManager: Loaded Plugin IOSDeviceProfileSelector, From D:/Epic Games/4.13/Engine/Plugins/Runtime/IOSDeviceProfileSelector/IOSDeviceProfileSelector.uplugin
LogPluginManager: Loaded Plugin LeapMotion, From D:/Epic Games/4.13/Engine/Plugins/Runtime/LeapMotion/LeapMotion.uplugin
LogPluginManager: Loaded Plugin LinuxDeviceProfileSelector, From D:/Epic Games/4.13/Engine/Plugins/Runtime/LinuxDeviceProfileSelector/LinuxDeviceProfileSelector.uplugin
LogPluginManager: Loaded Plugin LiveEditorListenServer, From D:/Epic Games/4.13/Engine/Plugins/Runtime/LiveEditorListenServer/LiveEditorListenServer.uplugin
LogPluginManager: Loaded Plugin OculusAudio, From D:/Epic Games/4.13/Engine/Plugins/Runtime/OculusAudio/OculusAudio.uplugin
LogPluginManager: Loaded Plugin OculusInput, From D:/Epic Games/4.13/Engine/Plugins/Runtime/OculusInput/OculusInput.uplugin
LogPluginManager: Loaded Plugin OculusLibrary, From D:/Epic Games/4.13/Engine/Plugins/Runtime/OculusLibrary/OculusLibrary.uplugin
LogPluginManager: Loaded Plugin OculusRift, From D:/Epic Games/4.13/Engine/Plugins/Runtime/OculusRift/OculusRift.uplugin
LogPluginManager: Loaded Plugin Oodle, From D:/Epic Games/4.13/Engine/Plugins/Runtime/PacketHandlers/CompressionComponents/Oodle/Oodle.uplugin
LogPluginManager: Loaded Plugin ProceduralMeshComponent, From D:/Epic Games/4.13/Engine/Plugins/Runtime/ProceduralMeshComponent/ProceduralMeshComponent.uplugin
LogPluginManager: Loaded Plugin SoundMod, From D:/Epic Games/4.13/Engine/Plugins/Runtime/SoundMod/SoundMod.uplugin
LogPluginManager: Loaded Plugin SoundVisualizations, From D:/Epic Games/4.13/Engine/Plugins/Runtime/SoundVisualizations/SoundVisualizations.uplugin
LogPluginManager: Loaded Plugin SteamController, From D:/Epic Games/4.13/Engine/Plugins/Runtime/Steam/SteamController/SteamController.uplugin
LogPluginManager: Loaded Plugin SteamVR, From D:/Epic Games/4.13/Engine/Plugins/Runtime/Steam/SteamVR/SteamVR.uplugin
LogPluginManager: Loaded Plugin WebBrowserWidget, From D:/Epic Games/4.13/Engine/Plugins/Runtime/WebBrowserWidget/WebBrowserWidget.uplugin
LogPluginManager: Loaded Plugin WindowsDeviceProfileSelector, From D:/Epic Games/4.13/Engine/Plugins/Runtime/WindowsDeviceProfileSelector/WindowsDeviceProfileSelector.uplugin
LogPluginManager: Loaded Plugin WindowsMoviePlayer, From D:/Epic Games/4.13/Engine/Plugins/Runtime/WindowsMoviePlayer/WindowsMoviePlayer.uplugin
LogPluginManager: Loaded Plugin ScriptPlugin, From D:/Epic Games/4.13/Engine/Plugins/ScriptPlugin/ScriptPlugin.uplugin
LogPluginManager: Loaded Plugin SlateRemote, From D:/Epic Games/4.13/Engine/Plugins/Slate/SlateRemote/SlateRemote.uplugin
LogInit: Using libcurl 7.47.1
LogInit:  - built for x86_64-pc-win32
LogInit:  - supports SSL with WinSSL
LogInit:  - other features:
LogInit:      CURL_VERSION_SSL
LogInit:      CURL_VERSION_IPV6
LogInit:      CURL_VERSION_ASYNCHDNS
LogInit:      CURL_VERSION_LARGEFILE
LogInit:      CURL_VERSION_IDN
LogInit:  CurlRequestOptions (configurable via config and command line):
LogInit:  - bVerifyPeer = false  - Libcurl will NOT verify peer certificate
LogInit:  - bUseHttpProxy = false  - Libcurl will NOT use HTTP proxy
LogInit:  - bDontReuseConnections = false  - Libcurl will reuse connections
LogInit:  - CertBundlePath = nullptr  - Libcurl will use whatever was configured at build time.
LogInit: Build: ++UE4+Release-4.13-CL-3142249
LogInit: Engine Version: 4.13.1-3142249+++UE4+Release-4.13
LogInit: Compatible Engine Version: 4.13.0-3106830+++UE4+Release-4.13
LogInit: Net CL: 3142249
LogDevObjectVersion: Number of dev versions registered: 13
LogDevObjectVersion:   Dev-Blueprints (B0D832E4-1F89-4F0D-ACCF-7EB736FD4AA2): 5
LogDevObjectVersion:   Dev-Build (E1C64328-A22C-4D53-A36C-8E866417BD8C): 0
LogDevObjectVersion:   Dev-Core (375EC13C-06E4-48FB-B500-84F0262A717E): 1
LogDevObjectVersion:   Dev-Editor (E4B068ED-F494-42E9-A231-DA0B2E46BB41): 6
LogDevObjectVersion:   Dev-Framework (CFFC743F-43B0-4480-9391-14DF171D2073): 12
LogDevObjectVersion:   Dev-Mobile (B02B49B5-BB20-44E9-A304-32B752E40360): 0
LogDevObjectVersion:   Dev-Networking (A4E4105C-59A1-49B5-A7C5-40C4547EDFEE): 0
LogDevObjectVersion:   Dev-Online (39C831C9-5AE6-47DC-9A44-9C173E1C8E7C): 0
LogDevObjectVersion:   Dev-Physics (78F01B33-EBEA-4F98-B9B4-84EACCB95AA2): 0
LogDevObjectVersion:   Dev-Platform (6631380F-2D4D-43E0-8009-CF276956A95A): 0
LogDevObjectVersion:   Dev-Rendering (12F88B9F-8875-4AFC-A67C-D90C383ABD29): 4
LogDevObjectVersion:   Dev-Sequencer (7B5AE74C-D270-4C10-A958-57980B212A5A): 0
LogDevObjectVersion:   Dev-VR (D7296918-1DD6-4BDD-9DE2-64A83CC13884): 0
LogInit: Compiled (64-bit): Sep 28 2016 02:12:12
LogInit: Compiled with Visual C++: 19.00.23026.00
LogInit: Build Configuration: Development
LogInit: Branch Name: ++UE4+Release-4.13
LogInit: Command line: -EpicPortal 
LogInit: Base directory: D:/Epic Games/4.13/Engine/Binaries/Win64/
LogInit: Installed Engine Build: 1
LogInit: Presizing for max 8388607 objects, including 0 objects not considered by GC, pre-allocating 0 bytes for permanent pool.
LogInit: Object subsystem initialized
[2016.10.10-09.19.55:776][  0]LogInit: Selected Device Profile: [Windows]
[2016.10.10-09.19.55:776][  0]LogInit: Applying CVar settings loaded from the selected device profile: [Windows]
[2016.10.10-09.19.55:804][  0]LogInit: Computer: STEVEN
[2016.10.10-09.19.55:804][  0]LogInit: User: StevenE
[2016.10.10-09.19.55:804][  0]LogInit: CPU Page size=65536, Cores=4
[2016.10.10-09.19.55:805][  0]LogInit: High frequency timer resolution =2.338337 MHz
[2016.10.10-09.19.55:805][  0]LogMemory: Memory total: Physical=15.9GB (16GB approx)
[2016.10.10-09.19.55:805][  0]LogMemory: Platform Memory Stats for Windows
[2016.10.10-09.19.55:805][  0]LogMemory: Process Physical Memory: 256.51 MB used, 256.51 MB peak
[2016.10.10-09.19.55:805][  0]LogMemory: Process Virtual Memory: 260.01 MB used, 260.01 MB peak
[2016.10.10-09.19.55:805][  0]LogMemory: Physical Memory: 4870.21 MB used, 16303.57 MB total
[2016.10.10-09.19.55:805][  0]LogMemory: Virtual Memory: 623.22 MB used, 134217728.00 MB total
[2016.10.10-09.19.55:862][  0]LogTextLocalizationManager: No specific translations for ('en-AU') exist, so ('en') translations will be used.
[2016.10.10-09.19.56:437][  0]LogD3D11RHI: D3D11 adapters:
[2016.10.10-09.19.56:470][  0]LogD3D11RHI:    0. 'NVIDIA GeForce GTX 765M' (Feature Level 11_0)
[2016.10.10-09.19.56:470][  0]LogD3D11RHI:       2017/0/8151 MB DedicatedVideo/DedicatedSystem/SharedSystem, Outputs:1, VendorId:0x10de
[2016.10.10-09.19.56:476][  0]LogD3D11RHI:    1. 'Intel(R) HD Graphics 4600' (Feature Level 11_0)
[2016.10.10-09.19.56:476][  0]LogD3D11RHI:       112/0/2048 MB DedicatedVideo/DedicatedSystem/SharedSystem, Outputs:0, VendorId:0x8086
[2016.10.10-09.19.56:478][  0]LogD3D11RHI:    2. 'Microsoft Basic Render Driver' (Feature Level 11_0)
[2016.10.10-09.19.56:478][  0]LogD3D11RHI:       0/0/8151 MB DedicatedVideo/DedicatedSystem/SharedSystem, Outputs:0, VendorId:0x1414
[2016.10.10-09.19.56:478][  0]LogD3D11RHI: Chosen D3D11 Adapter: 0
[2016.10.10-09.19.56:484][  0]LogD3D11RHI: Creating new Direct3DDevice
[2016.10.10-09.19.56:484][  0]LogD3D11RHI:     GPU DeviceId: 0x11e1 (for the marketing name, search the web for "GPU Device Id")
[2016.10.10-09.19.56:484][  0]LogWindows: EnumDisplayDevices:
[2016.10.10-09.19.56:484][  0]LogWindows:    0. 'Intel(R) HD Graphics 4600' (P:1 D:1)
[2016.10.10-09.19.56:485][  0]LogWindows:    1. 'Intel(R) HD Graphics 4600' (P:0 D:0)
[2016.10.10-09.19.56:485][  0]LogWindows:    2. 'Intel(R) HD Graphics 4600' (P:0 D:0)
[2016.10.10-09.19.56:485][  0]LogWindows: DebugString: PrimaryIsNotTheChoosenAdapter PrimaryIsNotTheChoosenAdapter PrimaryIsNotTheChoosenAdapter FoundDriverCount:0 
[2016.10.10-09.19.56:485][  0]LogD3D11RHI:     Adapter Name: NVIDIA GeForce GTX 765M
[2016.10.10-09.19.56:485][  0]LogD3D11RHI:   Driver Version: Unknown (internal:Unknown, unified:Unknown)
[2016.10.10-09.19.56:485][  0]LogD3D11RHI:      Driver Date: Unknown
[2016.10.10-09.19.56:485][  0]LogRHI: Texture pool is 1361 MB (70% of 1945 MB)
[2016.10.10-09.19.56:498][  0]LogD3D11RHI: Async texture creation enabled
[2016.10.10-09.19.56:515][  0]LogD3D11RHI: GPU Timing Frequency: 1000.000000 (Debug: 2 2)
[2016.10.10-09.19.56:515][  0]LogShaderCompilers: Guid format shader working directory is -21 characters bigger than the processId version (../../../../../GamesProgrammingGit/Games Programming/Spike17/Spike17/Intermediate/Shaders/WorkingDirectory/28348/).
[2016.10.10-09.19.56:515][  0]LogShaderCompilers: Cleaned the shader compiler working directory 'C:/Users/StevenE/AppData/Local/Temp/UnrealShaderWorkingDir/A1ABBFD844E04065BA7D168CE55B5EAF/'.
[2016.10.10-09.19.56:515][  0]LogShaderCompilers:Display: Using Local Shader Compiler.
[2016.10.10-09.19.57:445][  0]LogTemp:Display: Loaded TP AllDesktopTargetPlatform
[2016.10.10-09.19.57:452][  0]LogTemp:Display: Loaded TP WindowsClientTargetPlatform
[2016.10.10-09.19.57:460][  0]LogTemp:Display: Loaded TP WindowsNoEditorTargetPlatform
[2016.10.10-09.19.57:468][  0]LogTemp:Display: Loaded TP WindowsServerTargetPlatform
[2016.10.10-09.19.57:474][  0]LogTemp:Display: Loaded TP WindowsTargetPlatform
[2016.10.10-09.19.57:481][  0]LogTemp:Display: Loaded TP AndroidTargetPlatform
[2016.10.10-09.19.57:487][  0]LogTemp:Display: Loaded TP Android_ASTCTargetPlatform
[2016.10.10-09.19.57:493][  0]LogTemp:Display: Loaded TP Android_ATCTargetPlatform
[2016.10.10-09.19.57:500][  0]LogTemp:Display: Loaded TP Android_DXTTargetPlatform
[2016.10.10-09.19.57:506][  0]LogTemp:Display: Loaded TP Android_ETC1TargetPlatform
[2016.10.10-09.19.57:512][  0]LogTemp:Display: Loaded TP Android_ETC2TargetPlatform
[2016.10.10-09.19.57:525][  0]LogTemp:Display: Loaded TP Android_MultiTargetPlatform
[2016.10.10-09.19.57:525][  0]LogTemp:Display: Loaded TP Android_PVRTCTargetPlatform
[2016.10.10-09.19.57:525][  0]LogTemp:Display: Loaded TP HTML5TargetPlatform
[2016.10.10-09.19.57:545][  0]LogTemp:Display: Loaded TP IOSTargetPlatform
[2016.10.10-09.19.57:551][  0]LogTemp:Display: Loaded TP TVOSTargetPlatform
[2016.10.10-09.19.57:557][  0]LogTemp:Display: Loaded TP LinuxClientTargetPlatform
[2016.10.10-09.19.57:563][  0]LogTemp:Display: Loaded TP LinuxNoEditorTargetPlatform
[2016.10.10-09.19.57:569][  0]LogTemp:Display: Loaded TP LinuxServerTargetPlatform
[2016.10.10-09.19.57:575][  0]LogTemp:Display: Loaded TP LinuxTargetPlatform
[2016.10.10-09.19.57:575][  0]LogTargetPlatformManager:Display: Building Assets For Windows
[2016.10.10-09.19.57:630][  0]LogDerivedDataCache:Display: Max Cache Size: 512 MB
[2016.10.10-09.19.57:696][  0]LogDerivedDataCache: Loaded boot cache 0.07s 62MB C:/Users/StevenE/AppData/Local/UnrealEngine/4.13/DerivedDataCache/Boot.ddc.
[2016.10.10-09.19.57:696][  0]LogDerivedDataCache:Display: Loaded Boot cache: C:/Users/StevenE/AppData/Local/UnrealEngine/4.13/DerivedDataCache/Boot.ddc
[2016.10.10-09.19.57:696][  0]LogDerivedDataCache: FDerivedDataBackendGraph:  Pak pak cache file ../../../../../GamesProgrammingGit/Games Programming/Spike17/Spike17/DerivedDataCache/DDC.ddp not found, will not use a pak cache.
[2016.10.10-09.19.57:696][  0]LogDerivedDataCache: Unable to find inner node Pak for hierarchical cache Hierarchy.
[2016.10.10-09.19.57:696][  0]LogDerivedDataCache: FDerivedDataBackendGraph:  CompressedPak pak cache file ../../../../../GamesProgrammingGit/Games Programming/Spike17/Spike17/DerivedDataCache/Compressed.ddp not found, will not use a pak cache.
[2016.10.10-09.19.57:696][  0]LogDerivedDataCache: Unable to find inner node CompressedPak for hierarchical cache Hierarchy.
[2016.10.10-09.19.57:713][  0]LogDerivedDataCache:Display: Pak cache opened for reading ../../../Engine/DerivedDataCache/Compressed.ddp.
[2016.10.10-09.19.57:725][  0]LogDerivedDataCache: Using Local data cache path C:/Users/StevenE/AppData/Local/UnrealEngine/Common/DerivedDataCache: Writable
[2016.10.10-09.19.57:976][  0]LogInit: Selected Device Profile: [Windows]
[2016.10.10-09.19.57:978][  0]LogContentStreaming: Texture pool size is 0.00 MB
[2016.10.10-09.19.58:081][  0]LogMeshUtilities: No automatic mesh reduction module available
[2016.10.10-09.19.58:081][  0]LogMeshUtilities: No automatic mesh merging module available
[2016.10.10-09.19.58:081][  0]LogMeshUtilities: No distributed automatic mesh merging module available
[2016.10.10-09.19.58:140][  0]LogMaterial: Uniform references updated for custom material expression Custom.
[2016.10.10-09.19.58:427][  0]LogNetVersion: GetLocalNetworkVersion: CL: 3106830, ProjectName: spike17, ProjectVersion: , EngineNetworkVersion: 1, GameNetworkVersion: 0, NetworkChecksum: 2205506741
[2016.10.10-09.19.58:464][  0]LogAssetRegistry: FAssetRegistry took 0.0226 seconds to start up
[2016.10.10-09.19.58:483][  0]LogPackageLocalizationCache: Processed 3 localized package path(s) for 2 prioritized culture(s) in 0.017596 seconds
[2016.10.10-09.19.58:490][  0]LogUObjectArray: 29778 objects as part of root set at end of initial load.
[2016.10.10-09.19.58:490][  0]LogUObjectAllocator: 6125456 out of 0 bytes used by permanent object pool.
[2016.10.10-09.19.58:490][  0]LogUObjectArray: CloseDisregardForGC: 0/0 objects in disregard for GC pool
[2016.10.10-09.19.58:494][  0]LogInit: WinSock: version 1.1 (2.2), MaxSocks=32767, MaxUdp=65467
[2016.10.10-09.19.58:662][  0]LogSlate: SlateFontCache - WITH_FREETYPE: 1, WITH_HARFBUZZ: 1
[2016.10.10-09.19.58:662][  0]LogSlate: SlateFontCache - WITH_FREETYPE: 1, WITH_HARFBUZZ: 1
[2016.10.10-09.19.59:255][  0]LogTcpMessaging: Initializing TcpMessaging bridge
[2016.10.10-09.19.59:272][  0]LogUdpMessaging: Initializing bridge on interface 0.0.0.0:0 to multicast group 230.0.0.1:6666.
[2016.10.10-09.19.59:474][  0]SourceControl: Info Source control is disabled
[2016.10.10-09.19.59:484][  0]SourceControl: Info Source control is disabled
[2016.10.10-09.19.59:489][  0]SourceControl: Info Source control is disabled
[2016.10.10-09.19.59:494][  0]SourceControl: Info Source control is disabled
[2016.10.10-09.19.59:695][  0]LogEngine: Initializing Engine...
[2016.10.10-09.19.59:695][  0]LogHMD: Failed to initialize OpenVR with code 100
[2016.10.10-09.19.59:826][  0]LogAIModule: Creating AISystem for world Untitled
[2016.10.10-09.19.59:833][  0]LogInit: XAudio2 using 'Speakers (Realtek High Definition Audio)' : 2 channels at 48 kHz using 32 bits per sample (channel mask 0x3)
[2016.10.10-09.19.59:863][  0]LogInit: FAudioDevice initialized.
[2016.10.10-09.19.59:898][  0]LogDerivedDataCache: Saved boot cache 0.03s 62MB C:/Users/StevenE/AppData/Local/UnrealEngine/4.13/DerivedDataCache/Boot.ddc.
[2016.10.10-09.19.59:909][  0]LogInit: Texture streaming: Enabled
[2016.10.10-09.19.59:963][  0]LogInit: Transaction tracking system initialized
[2016.10.10-09.19.59:979][  0]BlueprintLog: New page: Editor Load
[2016.10.10-09.20.00:041][  0]LocalizationService: Info Localization service is disabled
[2016.10.10-09.20.00:096][  0]LogConsoleResponse:Display: 
[2016.10.10-09.20.00:212][  0]LogCook:Display: Max memory allowance for cook 16384mb min free memory 0mb
[2016.10.10-09.20.00:212][  0]LogCook:Display: Mobile HDR setting 1
[2016.10.10-09.20.00:313][  0]LogFileCache: Scanning file cache for directory 'D:/GamesProgrammingGit/Games Programming/Spike17/Spike17/Content/' took 0.01s
[2016.10.10-09.20.00:313][  0]SourceControl: Info Source control is disabled
[2016.10.10-09.20.00:314][  0]Cmd: MAP LOAD FILE="../../../../../GamesProgrammingGit/Games Programming/Spike17/Spike17/Content/StarterContent/Maps/Minimal_Default.umap" TEMPLATE=0 SHOWPROGRESS=1 FEATURELEVEL=3
[2016.10.10-09.20.00:314][  0]LightingResults: New page: Lighting Build
[2016.10.10-09.20.00:316][  0]MapCheck: New page: Map Check
[2016.10.10-09.20.00:316][  0]LightingResults: New page: Lighting Build
[2016.10.10-09.20.01:360][  0]LogAIModule: Creating AISystem for world Minimal_Default
[2016.10.10-09.20.01:465][  0]LogEditorServer: Finished looking for orphan Actors (0.000 secs)
[2016.10.10-09.20.01:472][  0]Cmd: MAP CHECKDEP NOCLEARLOG
[2016.10.10-09.20.01:508][  0]MapCheck: Info Map check complete: 0 Error(s), 0 Warning(s), took 35.559ms to complete.
[2016.10.10-09.20.01:508][  0]LogFileHelpers: Loading map 'Minimal_Default' took 1.194
[2016.10.10-09.20.02:093][  0]LogCollectionManager: Loaded 0 collections in 0.001091 seconds
[2016.10.10-09.20.02:240][  0]LogFileCache: Scanning file cache for directory 'D:/GamesProgrammingGit/Games Programming/Spike17/Spike17/Saved/Collections/' took 0.01s
[2016.10.10-09.20.02:240][  0]LogFileCache: Scanning file cache for directory 'D:/GamesProgrammingGit/Games Programming/Spike17/Spike17/Content/Developers/StevenE/Collections/' took 0.01s
[2016.10.10-09.20.02:240][  0]LogFileCache: Scanning file cache for directory 'D:/GamesProgrammingGit/Games Programming/Spike17/Spike17/Content/Collections/' took 0.01s
[2016.10.10-09.20.02:240][  0]LogCollectionManager: Rebuilt the GUID cache for 0 collections in 0.000003 seconds
[2016.10.10-09.20.02:255][  0]LogContentBrowser: Native class hierarchy populated in 0.0133 seconds. Added 2142 classes and 417 folders.
[2016.10.10-09.20.02:302][  0]LogStats: UGameplayTagsManager::ConstructGameplayTagTree: Construct from data asset -  0.000 s
[2016.10.10-09.20.02:302][  0]LogStats: UGameplayTagsManager::ConstructGameplayTagTree: GameplayTagTreeChangedEvent.Broadcast -  0.000 s
[2016.10.10-09.20.02:304][  0]LogContentBrowser: Native class hierarchy updated for 'GameplayTags' in 0.0011 seconds. Added 12 classes and 0 folders.
[2016.10.10-09.20.02:324][  0]LogContentBrowser: Native class hierarchy updated for 'WidgetCarousel' in 0.0010 seconds. Added 0 classes and 0 folders.
[2016.10.10-09.20.03:364][  0]LogContentBrowser: Native class hierarchy updated for 'AddContentDialog' in 0.0010 seconds. Added 0 classes and 0 folders.
[2016.10.10-09.20.03:437][  0]LogContentBrowser: Native class hierarchy updated for 'SceneOutliner' in 0.0016 seconds. Added 1 classes and 2 folders.
[2016.10.10-09.20.03:940][  0]LogCrashTracker: Crashtracker disabled due to settings.
[2016.10.10-09.20.04:059][  0]LogUObjectGlobals:Warning: Failed to find object 'Class None.'
[2016.10.10-09.20.04:105][  0]LogContentBrowser: Native class hierarchy updated for 'HierarchicalLODOutliner' in 0.0012 seconds. Added 1 classes and 2 folders.
[2016.10.10-09.20.04:105][  0]LogLoad: (Engine Initialization) Total time: 9.41 seconds
[2016.10.10-09.20.04:105][  0]LogLoad: (Engine Initialization) Total Blueprint compile time: 0.15 seconds
[2016.10.10-09.20.04:105][  0]LogExternalProfiler: Found external profiler: VSPerf
[2016.10.10-09.20.04:105][  0]LogExternalProfiler: Using external profiler: VSPerf
[2016.10.10-09.20.04:114][  0]LogWindowsTextInputMethodSystem:Display: IME system now deactivated.
[2016.10.10-09.20.04:115][  0]LogOcInput: OculusInput pre-init called
[2016.10.10-09.20.04:216][  0]LogContentStreaming: Texture pool size now 1000 MB
[2016.10.10-09.20.04:830][  0]LogRenderer: Reallocating scene render targets to support 812x576 (Frame:2).
[2016.10.10-09.20.04:944][  1]LogAssetRegistry: Asset discovery search completed in 6.5019 seconds
[2016.10.10-09.20.04:944][  1]LogCollectionManager: Rebuilt the object cache for 0 collections in 0.000001 seconds (found 0 objects)
[2016.10.10-09.20.04:944][  1]LogCollectionManager: Fixed up redirectors for 0 collections in 0.000025 seconds (updated 0 objects)
[2016.10.10-09.20.11:586][570]LogContentBrowser: Native class hierarchy updated for 'BlueprintGraph' in 0.0015 seconds. Added 112 classes and 0 folders.
[2016.10.10-09.20.40:707][971]LogEditorViewport: Clicking on Actor (LMB): Actor_Blueprint_C (Actor_Blueprint)
[2016.10.10-09.20.42:738][166]Cmd: DELETE
[2016.10.10-09.20.42:738][166]Cmd: ACTOR DELETE
[2016.10.10-09.20.42:842][166]LogEditorActor: Deleted Actor: Actor_Blueprint_C
[2016.10.10-09.20.42:886][166]LogEditorActor: Deleted 1 Actors (0.046 secs)
[2016.10.10-09.20.47:881][337]LogObjectTools:Warning: ForceReplaceReferences replaced references for a transient object 'DEADCLASS_Actor_Blueprint_C_0' or package '/Engine/Transient'.
[2016.10.10-09.20.47:881][337]LogObjectTools:Warning: ForceReplaceReferences replaced references for a transient object 'DEADCLASS_Actor_Blueprint_C_1' or package '/Engine/Transient'.
[2016.10.10-09.20.47:881][337]LogObjectTools:Warning: ForceReplaceReferences replaced references for a transient object 'REINST_SKEL_Actor_Blueprint_C_34' or package '/Engine/Transient'.
[2016.10.10-09.20.47:881][337]LogObjectTools:Warning: ForceReplaceReferences replaced references for a transient object 'REINST_Actor_Blueprint_C_33' or package '/Engine/Transient'.
[2016.10.10-09.20.56:655][177]LogRenderer: Reallocating scene render targets to support 1412x900 (Frame:3017).
[2016.10.10-09.27.00:394][446]LogSavePackage: Save=139.10ms
[2016.10.10-09.27.00:395][446]LogSavePackage: Moving '../../../../../GamesProgrammingGit/Games Programming/Spike17/Spike17/Saved/Minimal_DefaultE593BBA048145477E816E7A7BA28EBE4.tmp' to '../../../../../GamesProgrammingGit/Games Programming/Spike17/Spike17/Content/StarterContent/Maps/Minimal_Default.umap'
[2016.10.10-09.27.00:397][446]LogSavePackage:Display: Finished SavePackage ../../../../../GamesProgrammingGit/Games Programming/Spike17/Spike17/Content/StarterContent/Maps/Minimal_Default.umap
[2016.10.10-09.27.00:417][446]LogFileHelpers: Saving map 'Minimal_Default' took 0.223
[2016.10.10-09.27.00:419][446]Cmd: OBJ SAVEPACKAGE PACKAGE="/Game/Actor_Blueprint" FILE="../../../../../GamesProgrammingGit/Games Programming/Spike17/Spike17/Content/Actor_Blueprint.uasset" SILENT=true
[2016.10.10-09.27.00:437][446]LogSavePackage: Save=15.57ms
[2016.10.10-09.27.00:437][446]LogSavePackage: Moving '../../../../../GamesProgrammingGit/Games Programming/Spike17/Spike17/Saved/Actor_BlueprintED0D9758475A791E1EAEB595F61B4300.tmp' to '../../../../../GamesProgrammingGit/Games Programming/Spike17/Spike17/Content/Actor_Blueprint.uasset'
[2016.10.10-09.27.00:438][446]LogSavePackage:Display: Finished SavePackage ../../../../../GamesProgrammingGit/Games Programming/Spike17/Spike17/Content/Actor_Blueprint.uasset
[2016.10.10-09.28.07:921][186]LogVSAccessor:Warning: Couldn't goto line number '0' in 'D:/GamesProgrammingGit/Games Programming/Spike17/Spike17/Source/Spike17/VectortCode.h'
[2016.10.10-09.28.08:170][186]LogVSAccessor:Warning: Couldn't goto line number '0' in 'D:/GamesProgrammingGit/Games Programming/Spike17/Spike17/Source/Spike17/VectortCode.cpp'
[2016.10.10-09.29.33:770][586]BlueprintLog: New page: Compile Actor_Blueprint
[2016.10.10-09.31.04:576][953]BlueprintLog: New page: Compile Actor_Blueprint
[2016.10.10-09.31.08:097][197]Cmd: OBJ SAVEPACKAGE PACKAGE="/Game/Actor_Blueprint" FILE="../../../../../GamesProgrammingGit/Games Programming/Spike17/Spike17/Content/Actor_Blueprint.uasset" SILENT=true
[2016.10.10-09.31.08:117][197]LogSavePackage: Save=11.31ms
[2016.10.10-09.31.08:117][197]LogSavePackage: Moving '../../../../../GamesProgrammingGit/Games Programming/Spike17/Spike17/Saved/Actor_BlueprintFB55370B427934D8D7A597832034FC6B.tmp' to '../../../../../GamesProgrammingGit/Games Programming/Spike17/Spike17/Content/Actor_Blueprint.uasset'
[2016.10.10-09.31.08:120][197]LogSavePackage:Display: Finished SavePackage ../../../../../GamesProgrammingGit/Games Programming/Spike17/Spike17/Content/Actor_Blueprint.uasset
[2016.10.10-09.31.10:529][395]Recompiling Spike17...
[2016.10.10-09.31.10:529][395]Launching UnrealBuildTool... [D:/Epic Games/4.13/Engine/Binaries/DotNET/UnrealBuildTool.exe Spike17 -ModuleWithSuffix Spike17 7615 Win64 Development -editorrecompile -canskiplink "D:/GamesProgrammingGit/Games Programming/Spike17/Spike17/Spike17.uproject"  -2015]
[2016.10.10-09.31.10:530][395]Warning: Starting HotReload took  0.0s.
[2016.10.10-09.31.25:089][727]CompilerResultsLog: New page: Compilation - 11 Oct 2016 6:31:25 am
[2016.10.10-09.31.25:089][727]CompilerResultsLog: Info Creating makefile for hot reloading Spike17 (working set of source files changed)
[2016.10.10-09.31.25:089][727]CompilerResultsLog: Info Compiling game modules for hot reload
[2016.10.10-09.31.25:089][727]CompilerResultsLog: Info Parsing headers for Spike17Editor
[2016.10.10-09.31.25:089][727]CompilerResultsLog: Info   Running UnrealHeaderTool "D:\GamesProgrammingGit\Games Programming\Spike17\Spike17\Spike17.uproject" "D:\GamesProgrammingGit\Games Programming\Spike17\Spike17\Intermediate\Build\Win64\Spike17Editor\Development\Spike17Editor.uhtmanifest" -LogCmds="loginit warning, logexit warning, logdatabase error" -Unattended -WarningsAsErrors -installed
[2016.10.10-09.31.25:089][727]CompilerResultsLog:Error: Error D:/GamesProgrammingGit/Games Programming/Spike17/Spike17/Source/Spike17/VectortCode.h(29)  : Missing '*' in Expected a pointer type
[2016.10.10-09.31.25:089][727]CompilerResultsLog:Error: Error Error: Failed to generate code for Spike17Editor - error code: OtherCompilationError (5) 
[2016.10.10-09.31.25:089][727]CompilerResultsLog: Info UnrealHeaderTool failed for target 'Spike17Editor' (platform: Win64, module info: D:\GamesProgrammingGit\Games Programming\Spike17\Spike17\Intermediate\Build\Win64\Spike17Editor\Development\Spike17Editor.uhtmanifest).
[2016.10.10-09.31.25:089][727]LogMainFrame: MainFrame: Module compiling took 14.563 seconds
[2016.10.10-09.31.25:090][727]Warning: HotReload failed, recompile failed
[2016.10.10-09.31.46:262][609]LogVSAccessor:Warning: Couldn't access Visual Studio
[2016.10.10-09.31.46:265][609]Recompiling Spike17...
[2016.10.10-09.31.46:265][609]Launching UnrealBuildTool... [D:/Epic Games/4.13/Engine/Binaries/DotNET/UnrealBuildTool.exe Spike17 -ModuleWithSuffix Spike17 2534 Win64 Development -editorrecompile -canskiplink "D:/GamesProgrammingGit/Games Programming/Spike17/Spike17/Spike17.uproject"  -2015]
[2016.10.10-09.31.46:268][609]Warning: Starting HotReload took  0.0s.
[2016.10.10-09.32.46:102][729]CompilerResultsLog: New page: Compilation - 11 Oct 2016 6:32:46 am
[2016.10.10-09.32.46:102][729]CompilerResultsLog: Info Creating makefile for hot reloading Spike17 (working set of source files changed)
[2016.10.10-09.32.46:102][729]CompilerResultsLog: Info Compiling game modules for hot reload
[2016.10.10-09.32.46:103][729]CompilerResultsLog: Info Parsing headers for Spike17Editor
[2016.10.10-09.32.46:103][729]CompilerResultsLog: Info   Running UnrealHeaderTool "D:\GamesProgrammingGit\Games Programming\Spike17\Spike17\Spike17.uproject" "D:\GamesProgrammingGit\Games Programming\Spike17\Spike17\Intermediate\Build\Win64\Spike17Editor\Development\Spike17Editor.uhtmanifest" -LogCmds="loginit warning, logexit warning, logdatabase error" -Unattended -WarningsAsErrors -installed
[2016.10.10-09.32.46:103][729]CompilerResultsLog: Info Reflection code generated for Spike17Editor in 3.1224532 seconds
[2016.10.10-09.32.46:103][729]CompilerResultsLog: Info Performing 3 actions (4 in parallel)
[2016.10.10-09.32.46:103][729]CompilerResultsLog: Info Spike17.generated.cpp
[2016.10.10-09.32.46:103][729]CompilerResultsLog: Info VectortCode.cpp
[2016.10.10-09.32.46:103][729]CompilerResultsLog: Info [3/3] Link UE4Editor-Spike17-2534.dll
[2016.10.10-09.32.46:103][729]CompilerResultsLog: Info    Creating library D:\GamesProgrammingGit\Games Programming\Spike17\Spike17\Intermediate\Build\Win64\UE4Editor\Development\UE4Editor-Spike17-2534.lib and object D:\GamesProgrammingGit\Games Programming\Spike17\Spike17\Intermediate\Build\Win64\UE4Editor\Development\UE4Editor-Spike17-2534.exp
[2016.10.10-09.32.46:103][729]CompilerResultsLog: Info Total build time: 59.69 seconds
[2016.10.10-09.32.46:103][729]LogMainFrame: MainFrame: Module compiling took 59.841 seconds
[2016.10.10-09.32.46:136][729]LogContentBrowser: Native class hierarchy updated for 'Spike17' in 0.0010 seconds. Added 1 classes and 2 folders.
[2016.10.10-09.32.46:139][729]Display: HotReload successful (6 functions remapped  0 scriptstructs remapped)
[2016.10.10-09.32.46:426][729]LogContentBrowser: Native class hierarchy populated in 0.0091 seconds. Added 2144 classes and 421 folders.
[2016.10.10-09.32.46:470][729]Display: HotReload took 60.2s.
[2016.10.10-09.33.33:602][642]BlueprintLog: New page: Compile Actor_Blueprint
[2016.10.10-09.33.56:801][261]LogVSAccessor:Warning: Couldn't goto line number '0' in 'D:/GamesProgrammingGit/Games Programming/Spike17/Spike17/Source/Spike17/VectortCode.h'
[2016.10.10-09.33.56:898][261]LogVSAccessor:Warning: Couldn't goto line number '0' in 'D:/GamesProgrammingGit/Games Programming/Spike17/Spike17/Source/Spike17/VectortCode.cpp'
[2016.10.10-09.34.08:949][570]LogEditorViewport: Clicking on Actor (LMB): Actor_Blueprint_C (Actor_Blueprint)
[2016.10.10-09.34.09:059][579]LogEditorViewport: Clicking on Component (LMB): SceneComponent (DefaultSceneRoot1)
[2016.10.10-09.37.39:195][636]BlueprintLog: New page: Compile Actor_Blueprint
[2016.10.10-09.37.42:217][890]Recompiling Spike17...
[2016.10.10-09.37.42:217][890]Launching UnrealBuildTool... [D:/Epic Games/4.13/Engine/Binaries/DotNET/UnrealBuildTool.exe Spike17 -ModuleWithSuffix Spike17 9383 Win64 Development -editorrecompile -canskiplink "D:/GamesProgrammingGit/Games Programming/Spike17/Spike17/Spike17.uproject"  -2015]
[2016.10.10-09.37.42:219][890]Warning: Starting HotReload took  0.0s.
[2016.10.10-09.37.42:905][960]CompilerResultsLog: New page: Compilation - 11 Oct 2016 6:37:42 am
[2016.10.10-09.37.42:905][960]CompilerResultsLog: Info Compiling game modules for hot reload
[2016.10.10-09.37.42:905][960]CompilerResultsLog: Info Target is up to date
[2016.10.10-09.37.42:905][960]LogMainFrame: MainFrame: Module compiling took 0.691 seconds
[2016.10.10-09.37.43:151][960]LogContentBrowser: Native class hierarchy populated in 0.0098 seconds. Added 2144 classes and 421 folders.
[2016.10.10-09.37.43:151][960]Display: HotReload took  0.9s.
[2016.10.10-09.38.44:791][370]LogSavePackage: Save=144.71ms
[2016.10.10-09.38.44:791][370]LogSavePackage: Moving '../../../../../GamesProgrammingGit/Games Programming/Spike17/Spike17/Saved/Minimal_Default_Auto1F3B97B6740D2B0B6F28D018A32BF7067.tmp' to '../../../../../GamesProgrammingGit/Games Programming/Spike17/Spike17/Saved/Autosaves/Game/StarterContent/Maps/Minimal_Default_Auto1.umap'
[2016.10.10-09.38.44:792][370]LogSavePackage:Display: Finished SavePackage ../../../../../GamesProgrammingGit/Games Programming/Spike17/Spike17/Saved/Autosaves/Game/StarterContent/Maps/Minimal_Default_Auto1.umap
[2016.10.10-09.38.44:796][370]LogFileHelpers: Editor autosave (incl. sublevels) for '/Game/StarterContent/Maps/Minimal_Default' took 0.219
[2016.10.10-09.38.44:796][370]LogFileHelpers: Editor autosave (incl. sublevels) for all levels took 0.219
[2016.10.10-09.39.10:298][215]LogEditorViewport: Clicking on Actor (LMB): BP_Sky_Sphere_C (BP_Sky_Sphere)
[2016.10.10-09.39.10:944][271]Recompiling Spike17...
[2016.10.10-09.39.10:945][271]Launching UnrealBuildTool... [D:/Epic Games/4.13/Engine/Binaries/DotNET/UnrealBuildTool.exe Spike17 -ModuleWithSuffix Spike17 9271 Win64 Development -editorrecompile -canskiplink "D:/GamesProgrammingGit/Games Programming/Spike17/Spike17/Spike17.uproject"  -2015]
[2016.10.10-09.39.10:946][271]Warning: Starting HotReload took  0.0s.
[2016.10.10-09.39.11:648][338]CompilerResultsLog: New page: Compilation - 11 Oct 2016 6:39:11 am
[2016.10.10-09.39.11:648][338]CompilerResultsLog: Info Compiling game modules for hot reload
[2016.10.10-09.39.11:648][338]CompilerResultsLog: Info Target is up to date
[2016.10.10-09.39.11:648][338]LogMainFrame: MainFrame: Module compiling took 0.706 seconds
[2016.10.10-09.39.11:931][338]LogContentBrowser: Native class hierarchy populated in 0.0097 seconds. Added 2144 classes and 421 folders.
[2016.10.10-09.39.11:931][338]Display: HotReload took  1.0s.
[2016.10.10-09.40.51:347][159]Recompiling Spike17...
[2016.10.10-09.40.51:347][159]Launching UnrealBuildTool... [D:/Epic Games/4.13/Engine/Binaries/DotNET/UnrealBuildTool.exe Spike17 -ModuleWithSuffix Spike17 2162 Win64 Development -editorrecompile -canskiplink "D:/GamesProgrammingGit/Games Programming/Spike17/Spike17/Spike17.uproject"  -2015]
[2016.10.10-09.40.51:349][159]Warning: Starting HotReload took  0.0s.
[2016.10.10-09.40.58:992][981]CompilerResultsLog: New page: Compilation - 11 Oct 2016 6:40:58 am
[2016.10.10-09.40.58:992][981]CompilerResultsLog: Info Compiling game modules for hot reload
[2016.10.10-09.40.58:992][981]CompilerResultsLog: Info Parsing headers for Spike17Editor
[2016.10.10-09.40.58:992][981]CompilerResultsLog: Info   Running UnrealHeaderTool "D:\GamesProgrammingGit\Games Programming\Spike17\Spike17\Spike17.uproject" "D:\GamesProgrammingGit\Games Programming\Spike17\Spike17\Intermediate\Build\Win64\Spike17Editor\Development\Spike17Editor.uhtmanifest" -LogCmds="loginit warning, logexit warning, logdatabase error" -Unattended -WarningsAsErrors -installed
[2016.10.10-09.40.58:992][981]CompilerResultsLog: Info Reflection code generated for Spike17Editor in 3.4536215 seconds
[2016.10.10-09.40.58:992][981]CompilerResultsLog: Info Performing 3 actions (4 in parallel)
[2016.10.10-09.40.58:992][981]CompilerResultsLog: Info VectortCode.cpp
[2016.10.10-09.40.58:992][981]CompilerResultsLog: Info Spike17.generated.cpp
[2016.10.10-09.40.58:992][981]CompilerResultsLog: Info [3/3] Link UE4Editor-Spike17-2162.dll
[2016.10.10-09.40.58:992][981]CompilerResultsLog: Info    Creating library D:\GamesProgrammingGit\Games Programming\Spike17\Spike17\Intermediate\Build\Win64\UE4Editor\Development\UE4Editor-Spike17-2162.lib and object D:\GamesProgrammingGit\Games Programming\Spike17\Spike17\Intermediate\Build\Win64\UE4Editor\Development\UE4Editor-Spike17-2162.exp
[2016.10.10-09.40.58:992][981]CompilerResultsLog: Info Total build time: 7.49 seconds
[2016.10.10-09.40.58:992][981]LogMainFrame: MainFrame: Module compiling took 7.649 seconds
[2016.10.10-09.40.59:060][981]LogClass: Could not find existing class VectortCode in package /Script/Spike17 for HotReload, assuming new class
[2016.10.10-09.40.59:060][981]LogClass: Function getX is new.
[2016.10.10-09.40.59:060][981]LogClass: Function getY is new.
[2016.10.10-09.40.59:060][981]LogClass: Function getZ is new.
[2016.10.10-09.40.59:060][981]LogClass: Function setX is new.
[2016.10.10-09.40.59:060][981]LogClass: Function setY is new.
[2016.10.10-09.40.59:060][981]LogClass: Function setZ is new.
[2016.10.10-09.40.59:064][981]LogHotReload: Re-instancing VectortCode after hot-reload.
[2016.10.10-09.40.59:132][981]LogContentBrowser: Native class hierarchy updated for 'Spike17' in 0.0011 seconds. Added 1 classes and 2 folders.
[2016.10.10-09.40.59:135][981]Display: HotReload successful (0 functions remapped  0 scriptstructs remapped)
[2016.10.10-09.40.59:391][981]LogContentBrowser: Native class hierarchy populated in 0.0132 seconds. Added 2144 classes and 421 folders.
[2016.10.10-09.40.59:391][981]Display: HotReload took  8.1s.
[2016.10.10-09.48.45:888][472]LogFileHelpers: Editor autosave (incl. sublevels) for '/Game/StarterContent/Maps/Minimal_Default' took 0.080
[2016.10.10-09.48.46:160][472]OBJ SavePackage: Generating thumbnails for [0] asset(s) in package [/Game/Actor_Blueprint] ([1] browsable assets)...
[2016.10.10-09.48.46:161][472]OBJ SavePackage: Finished generating thumbnails for package [/Game/Actor_Blueprint]
[2016.10.10-09.48.46:187][472]LogSavePackage: Save=18.58ms
[2016.10.10-09.48.46:187][472]LogSavePackage: Moving '../../../../../GamesProgrammingGit/Games Programming/Spike17/Spike17/Saved/Actor_Blueprint_Auto261CA5CA8459A8F1988ECDCBF88F56397.tmp' to '../../../../../GamesProgrammingGit/Games Programming/Spike17/Spike17/Saved/Autosaves/Game/Actor_Blueprint_Auto2.uasset'
[2016.10.10-09.48.46:187][472]LogSavePackage:Display: Finished SavePackage ../../../../../GamesProgrammingGit/Games Programming/Spike17/Spike17/Saved/Autosaves/Game/Actor_Blueprint_Auto2.uasset
[2016.10.10-09.48.46:187][472]LogFileHelpers: Auto-saving content packages took 0.299
[2016.10.10-10.01.33:220][943]LogFileHelpers: Editor autosave (incl. sublevels) for '/Game/StarterContent/Maps/Minimal_Default' took 0.035
[2016.10.10-10.01.33:222][943]OBJ SavePackage: Generating thumbnails for [0] asset(s) in package [/Game/Actor_Blueprint] ([1] browsable assets)...
[2016.10.10-10.01.33:222][943]OBJ SavePackage: Finished generating thumbnails for package [/Game/Actor_Blueprint]
[2016.10.10-10.01.33:248][943]LogSavePackage: Save=18.63ms
[2016.10.10-10.01.33:248][943]LogSavePackage: Moving '../../../../../GamesProgrammingGit/Games Programming/Spike17/Spike17/Saved/Actor_Blueprint_Auto3A8A4636D48C13C230B31ACAB811D36A0.tmp' to '../../../../../GamesProgrammingGit/Games Programming/Spike17/Spike17/Saved/Autosaves/Game/Actor_Blueprint_Auto3.uasset'
[2016.10.10-10.01.33:248][943]LogSavePackage:Display: Finished SavePackage ../../../../../GamesProgrammingGit/Games Programming/Spike17/Spike17/Saved/Autosaves/Game/Actor_Blueprint_Auto3.uasset
[2016.10.10-10.01.33:249][943]LogFileHelpers: Auto-saving content packages took 0.027
[2016.10.10-10.05.00:069][738]BlueprintLog: New page: Compile Actor_Blueprint
[2016.10.10-10.05.00:084][738]LogBlueprint:Error: [Compiler Actor_Blueprint] Error This blueprint (self) is not a VectortCode, therefore ' self ' must have a connection.
[2016.10.10-10.05.00:085][738]LogBlueprint:Error: [Compiler Actor_Blueprint] Error This blueprint (self) is not a VectortCode, therefore ' self ' must have a connection.
[2016.10.10-10.05.00:085][738]LogBlueprint:Error: [Compiler Actor_Blueprint] Error This blueprint (self) is not a VectortCode, therefore ' self ' must have a connection.
[2016.10.10-10.05.00:085][738]LogBlueprint:Error: [Compiler Actor_Blueprint] Error This blueprint (self) is not a VectortCode, therefore ' self ' must have a connection.
[2016.10.10-10.05.00:085][738]LogBlueprint:Error: [Compiler Actor_Blueprint] Error This blueprint (self) is not a VectortCode, therefore ' self ' must have a connection.
[2016.10.10-10.05.00:085][738]LogBlueprint:Error: [Compiler Actor_Blueprint] Error This blueprint (self) is not a VectortCode, therefore ' self ' must have a connection.
[2016.10.10-10.05.00:085][738]LogBlueprint:Error: [Compiler Actor_Blueprint] Error Dependency cycle detected, preventing node  K2Node_CallFunction_13475  from being scheduled
[2016.10.10-10.05.00:085][738]LogBlueprint:Error: [Compiler Actor_Blueprint] Error Dependency cycle detected, preventing node  K2Node_CommutativeAssociativeBinaryOperator_2  from being scheduled
[2016.10.10-10.05.00:085][738]LogBlueprint:Error: [Compiler Actor_Blueprint] Error Dependency cycle detected, preventing node  K2Node_CallFunction_13474  from being scheduled
[2016.10.10-10.05.00:085][738]LogBlueprint:Error: [Compiler Actor_Blueprint] Error Dependency cycle detected, preventing node  K2Node_CallFunction_50  from being scheduled
[2016.10.10-10.05.00:085][738]LogBlueprint:Error: [Compiler Actor_Blueprint] Error Dependency cycle detected, preventing node  K2Node_CallFunction_13473  from being scheduled
[2016.10.10-10.05.00:085][738]LogBlueprint:Error: [Compiler Actor_Blueprint] Error Dependency cycle detected, preventing node  K2Node_CallFunction_13472  from being scheduled
[2016.10.10-10.05.00:085][738]LogBlueprint:Error: [Compiler Actor_Blueprint] Error Dependency cycle detected, preventing node  K2Node_CallFunction_13471  from being scheduled
[2016.10.10-10.05.00:085][738]LogBlueprint:Error: [Compiler Actor_Blueprint] Error Dependency cycle detected, preventing node  K2Node_CommutativeAssociativeBinaryOperator_1  from being scheduled
[2016.10.10-10.05.00:085][738]LogBlueprint:Error: [Compiler Actor_Blueprint] Error Dependency cycle detected, preventing node  K2Node_CallFunction_13470  from being scheduled
[2016.10.10-10.05.00:085][738]LogBlueprint:Error: [Compiler Actor_Blueprint] Error Dependency cycle detected, preventing node  K2Node_CallFunction_49  from being scheduled
[2016.10.10-10.05.00:085][738]LogBlueprint:Error: [Compiler Actor_Blueprint] Error Dependency cycle detected, preventing node  K2Node_CallFunction_13469  from being scheduled
[2016.10.10-10.05.00:085][738]LogBlueprint:Error: [Compiler Actor_Blueprint] Error Dependency cycle detected, preventing node  K2Node_CallFunction_48  from being scheduled
[2016.10.10-10.05.00:085][738]LogBlueprint:Error: [Compiler Actor_Blueprint] Error Dependency cycle detected, preventing node  K2Node_CallFunction_13468  from being scheduled
[2016.10.10-10.05.00:086][738]LogBlueprint:Error: [Compiler Actor_Blueprint] Error Dependency cycle detected, preventing node  K2Node_CommutativeAssociativeBinaryOperator_0  from being scheduled
[2016.10.10-10.05.00:086][738]LogBlueprint:Error: [Compiler Actor_Blueprint] Error Dependency cycle detected, preventing node  K2Node_CallFunction_13467  from being scheduled
[2016.10.10-10.05.00:086][738]LogBlueprint:Error: [Compiler Actor_Blueprint] Error Dependency cycle detected, preventing node  K2Node_CallFunction_46  from being scheduled
[2016.10.10-10.05.00:086][738]LogBlueprint:Error: [Compiler Actor_Blueprint] Error Dependency cycle detected, preventing node  K2Node_CallFunction_13466  from being scheduled
[2016.10.10-10.05.00:086][738]LogBlueprint:Error: [Compiler Actor_Blueprint] Error Dependency cycle detected, preventing node  K2Node_CallFunction_45  from being scheduled
[2016.10.10-10.05.00:086][738]LogBlueprint:Error: [Compiler Actor_Blueprint] Error Dependency cycle detected, preventing node  K2Node_CallFunction_13465  from being scheduled
[2016.10.10-10.05.00:086][738]LogBlueprint:Error: [Compiler Actor_Blueprint] Error Dependency cycle detected, preventing node  K2Node_CallFunction_44  from being scheduled
[2016.10.10-10.05.00:086][738]LogBlueprint:Error: [Compiler Actor_Blueprint] Error Dependency cycle detected, preventing node  K2Node_CallFunction_43  from being scheduled
[2016.10.10-10.05.00:086][738]LogBlueprint:Error: [Compiler Actor_Blueprint] Error Dependency cycle detected, preventing node  K2Node_CallFunction_42  from being scheduled
[2016.10.10-10.05.00:086][738]LogBlueprint:Error: [Compiler Actor_Blueprint] Error Dependency cycle detected, preventing node  K2Node_CallFunction_41  from being scheduled
[2016.10.10-10.05.00:086][738]LogBlueprint:Error: [Compiler Actor_Blueprint] Error Dependency cycle detected, preventing node  K2Node_CallFunction_40  from being scheduled
[2016.10.10-10.05.00:086][738]LogBlueprint:Error: [Compiler Actor_Blueprint] Error Dependency cycle detected, preventing node  K2Node_CallFunction_38  from being scheduled
[2016.10.10-10.05.00:086][738]LogBlueprint:Error: [Compiler Actor_Blueprint] Error Dependency cycle detected, preventing node  K2Node_CallFunction_37  from being scheduled
[2016.10.10-10.05.00:231][738]BlueprintEditorCompileResults:Error: Error This blueprint (self) is not a VectortCode, therefore ' self ' must have a connection.
[2016.10.10-10.05.00:231][738]BlueprintEditorCompileResults:Error: Error This blueprint (self) is not a VectortCode, therefore ' self ' must have a connection.
[2016.10.10-10.05.00:231][738]BlueprintEditorCompileResults:Error: Error This blueprint (self) is not a VectortCode, therefore ' self ' must have a connection.
[2016.10.10-10.05.00:231][738]BlueprintEditorCompileResults:Error: Error This blueprint (self) is not a VectortCode, therefore ' self ' must have a connection.
[2016.10.10-10.05.00:231][738]BlueprintEditorCompileResults:Error: Error This blueprint (self) is not a VectortCode, therefore ' self ' must have a connection.
[2016.10.10-10.05.00:231][738]BlueprintEditorCompileResults:Error: Error This blueprint (self) is not a VectortCode, therefore ' self ' must have a connection.
[2016.10.10-10.05.00:231][738]BlueprintEditorCompileResults:Error: Error Dependency cycle detected, preventing node  K2Node_CallFunction_13475  from being scheduled
[2016.10.10-10.05.00:231][738]BlueprintEditorCompileResults:Error: Error Dependency cycle detected, preventing node  K2Node_CommutativeAssociativeBinaryOperator_2  from being scheduled
[2016.10.10-10.05.00:231][738]BlueprintEditorCompileResults:Error: Error Dependency cycle detected, preventing node  K2Node_CallFunction_13474  from being scheduled
[2016.10.10-10.05.00:231][738]BlueprintEditorCompileResults:Error: Error Dependency cycle detected, preventing node  K2Node_CallFunction_50  from being scheduled
[2016.10.10-10.05.00:231][738]BlueprintEditorCompileResults:Error: Error Dependency cycle detected, preventing node  K2Node_CallFunction_13473  from being scheduled
[2016.10.10-10.05.00:231][738]BlueprintEditorCompileResults:Error: Error Dependency cycle detected, preventing node  K2Node_CallFunction_13472  from being scheduled
[2016.10.10-10.05.00:231][738]BlueprintEditorCompileResults:Error: Error Dependency cycle detected, preventing node  K2Node_CallFunction_13471  from being scheduled
[2016.10.10-10.05.00:231][738]BlueprintEditorCompileResults:Error: Error Dependency cycle detected, preventing node  K2Node_CommutativeAssociativeBinaryOperator_1  from being scheduled
[2016.10.10-10.05.00:231][738]BlueprintEditorCompileResults:Error: Error Dependency cycle detected, preventing node  K2Node_CallFunction_13470  from being scheduled
[2016.10.10-10.05.00:231][738]BlueprintEditorCompileResults:Error: Error Dependency cycle detected, preventing node  K2Node_CallFunction_49  from being scheduled
[2016.10.10-10.05.00:231][738]BlueprintEditorCompileResults:Error: Error Dependency cycle detected, preventing node  K2Node_CallFunction_13469  from being scheduled
[2016.10.10-10.05.00:231][738]BlueprintEditorCompileResults:Error: Error Dependency cycle detected, preventing node  K2Node_CallFunction_48  from being scheduled
[2016.10.10-10.05.00:231][738]BlueprintEditorCompileResults:Error: Error Dependency cycle detected, preventing node  K2Node_CallFunction_13468  from being scheduled
[2016.10.10-10.05.00:231][738]BlueprintEditorCompileResults:Error: Error Dependency cycle detected, preventing node  K2Node_CommutativeAssociativeBinaryOperator_0  from being scheduled
[2016.10.10-10.05.00:231][738]BlueprintEditorCompileResults:Error: Error Dependency cycle detected, preventing node  K2Node_CallFunction_13467  from being scheduled
[2016.10.10-10.05.00:231][738]BlueprintEditorCompileResults:Error: Error Dependency cycle detected, preventing node  K2Node_CallFunction_46  from being scheduled
[2016.10.10-10.05.00:231][738]BlueprintEditorCompileResults:Error: Error Dependency cycle detected, preventing node  K2Node_CallFunction_13466  from being scheduled
[2016.10.10-10.05.00:231][738]BlueprintEditorCompileResults:Error: Error Dependency cycle detected, preventing node  K2Node_CallFunction_45  from being scheduled
[2016.10.10-10.05.00:231][738]BlueprintEditorCompileResults:Error: Error Dependency cycle detected, preventing node  K2Node_CallFunction_13465  from being scheduled
[2016.10.10-10.05.00:231][738]BlueprintEditorCompileResults:Error: Error Dependency cycle detected, preventing node  K2Node_CallFunction_44  from being scheduled
[2016.10.10-10.05.00:231][738]BlueprintEditorCompileResults:Error: Error Dependency cycle detected, preventing node  K2Node_CallFunction_43  from being scheduled
[2016.10.10-10.05.00:231][738]BlueprintEditorCompileResults:Error: Error Dependency cycle detected, preventing node  K2Node_CallFunction_42  from being scheduled
[2016.10.10-10.05.00:231][738]BlueprintEditorCompileResults:Error: Error Dependency cycle detected, preventing node  K2Node_CallFunction_41  from being scheduled
[2016.10.10-10.05.00:231][738]BlueprintEditorCompileResults:Error: Error Dependency cycle detected, preventing node  K2Node_CallFunction_40  from being scheduled
[2016.10.10-10.05.00:231][738]BlueprintEditorCompileResults:Error: Error Dependency cycle detected, preventing node  K2Node_CallFunction_38  from being scheduled
[2016.10.10-10.05.00:231][738]BlueprintEditorCompileResults:Error: Error Dependency cycle detected, preventing node  K2Node_CallFunction_37  from being scheduled
[2016.10.10-10.05.00:232][738]LogBlueprint:Warning: [Compiler Actor_Blueprint] Warning [2705.54] Compile of Actor_Blueprint failed. 32 Fatal Issue(s) 0 Warning(s) [in 163 ms] (/Game/Actor_Blueprint.Actor_Blueprint)
[2016.10.10-10.13.55:766][909]Cmd: OBJ SAVEPACKAGE PACKAGE="/Game/Actor_Blueprint" FILE="../../../../../GamesProgrammingGit/Games Programming/Spike17/Spike17/Content/Actor_Blueprint.uasset" SILENT=true
[2016.10.10-10.13.55:790][909]LogSavePackage: Save=18.05ms
[2016.10.10-10.13.55:790][909]LogSavePackage: Moving '../../../../../GamesProgrammingGit/Games Programming/Spike17/Spike17/Saved/Actor_Blueprint38FC48FA42CB23F4E058BCA7D2DC5285.tmp' to '../../../../../GamesProgrammingGit/Games Programming/Spike17/Spike17/Content/Actor_Blueprint.uasset'
[2016.10.10-10.13.55:793][909]LogSavePackage:Display: Finished SavePackage ../../../../../GamesProgrammingGit/Games Programming/Spike17/Spike17/Content/Actor_Blueprint.uasset
[2016.10.10-10.13.55:969][909]LogSavePackage: Save=111.28ms
[2016.10.10-10.13.55:969][909]LogSavePackage: Moving '../../../../../GamesProgrammingGit/Games Programming/Spike17/Spike17/Saved/Minimal_Default0849BD1A4D3CC7599130D0ABADDBDC70.tmp' to '../../../../../GamesProgrammingGit/Games Programming/Spike17/Spike17/Content/StarterContent/Maps/Minimal_Default.umap'
[2016.10.10-10.13.55:971][909]LogSavePackage:Display: Finished SavePackage ../../../../../GamesProgrammingGit/Games Programming/Spike17/Spike17/Content/StarterContent/Maps/Minimal_Default.umap
[2016.10.10-10.13.55:993][909]LogFileHelpers: Saving map 'Minimal_Default' took 0.198
[2016.10.10-10.13.56:077][909]LogWindowsTextInputMethodSystem:Display: IME system now deactivated.
[2016.10.10-10.13.56:292][910]Cmd: QUIT_EDITOR
[2016.10.10-10.13.56:347][910]LogExit: Preparing to exit.
[2016.10.10-10.13.57:324][910]LogDirectoryWatcher: A directory notification for 'D:/GamesProgrammingGit/Games Programming/Spike17/Spike17/Content/' was aborted.
[2016.10.10-10.13.57:351][910]LogExit: Editor shut down
[2016.10.10-10.13.57:351][910]LogExit: Transaction tracking system shut down
[2016.10.10-10.13.57:513][910]LogObj: Freed 0b from 0 cluster array pools.
[2016.10.10-10.13.57:513][910]LogExit: Object subsystem successfully closed.
[2016.10.10-10.13.57:525][910]LogD3D11RHI: Shutdown
[2016.10.10-10.13.57:525][910]LogD3D11RHI: CleanupD3DDevice
[2016.10.10-10.13.57:604][910]LogD3D11RHI: ~FD3D11DynamicRHI
[2016.10.10-10.13.57:651][910]LogModuleManager: Shutting down and abandoning module BlueprintGraph (236)
[2016.10.10-10.13.57:651][910]LogModuleManager: Shutting down and abandoning module BlueprintProfiler (235)
[2016.10.10-10.13.57:651][910]LogModuleManager: Shutting down and abandoning module HierarchicalLODOutliner (234)
[2016.10.10-10.13.57:651][910]LogModuleManager: Shutting down and abandoning module CrashTracker (233)
[2016.10.10-10.13.57:651][910]LogModuleManager: Shutting down and abandoning module SceneOutliner (232)
[2016.10.10-10.13.57:651][910]LogModuleManager: Shutting down and abandoning module WidgetCarousel (231)
[2016.10.10-10.13.57:651][910]LogModuleManager: Shutting down and abandoning module AddContentDialog (230)
[2016.10.10-10.13.57:651][910]LogDirectoryWatcher: A directory notification for 'D:/Epic Games/4.13/FeaturePacks/' was aborted.
[2016.10.10-10.13.57:653][910]LogModuleManager: Shutting down and abandoning module GameplayTags (229)
[2016.10.10-10.13.57:653][910]LogModuleManager: Shutting down and abandoning module EditorWidgets (228)
[2016.10.10-10.13.57:653][910]LogModuleManager: Shutting down and abandoning module CollectionManager (227)
[2016.10.10-10.13.57:653][910]LogDirectoryWatcher: A directory notification for 'D:/GamesProgrammingGit/Games Programming/Spike17/Spike17/Content/Collections/' was aborted.
[2016.10.10-10.13.57:653][910]LogDirectoryWatcher: A directory notification for 'D:/GamesProgrammingGit/Games Programming/Spike17/Spike17/Content/Developers/StevenE/Collections/' was aborted.
[2016.10.10-10.13.57:653][910]LogDirectoryWatcher: A directory notification for 'D:/GamesProgrammingGit/Games Programming/Spike17/Spike17/Saved/Collections/' was aborted.
[2016.10.10-10.13.57:654][910]LogModuleManager: Shutting down and abandoning module StatsViewer (226)
[2016.10.10-10.13.57:654][910]LogModuleManager: Shutting down and abandoning module FoliageEdit (225)
[2016.10.10-10.13.57:654][910]LogModuleManager: Shutting down and abandoning module LandscapeEditor (224)
[2016.10.10-10.13.57:654][910]LogModuleManager: Shutting down and abandoning module SceneDepthPickerMode (223)
[2016.10.10-10.13.57:654][910]LogModuleManager: Shutting down and abandoning module ActorPickerMode (222)
[2016.10.10-10.13.57:654][910]LogModuleManager: Shutting down and abandoning module GeometryMode (221)
[2016.10.10-10.13.57:654][910]LogModuleManager: Shutting down and abandoning module TextureAlignMode (220)
[2016.10.10-10.13.57:654][910]LogModuleManager: Shutting down and abandoning module BspMode (219)
[2016.10.10-10.13.57:654][910]LogModuleManager: Shutting down and abandoning module HardwareSurvey (218)
[2016.10.10-10.13.57:654][910]LogModuleManager: Shutting down and abandoning module SequenceRecorderSections (217)
[2016.10.10-10.13.57:654][910]LogModuleManager: Shutting down and abandoning module SequenceRecorder (216)
[2016.10.10-10.13.57:654][910]LogModuleManager: Shutting down and abandoning module AutomationWorker (215)
[2016.10.10-10.13.57:654][910]LogModuleManager: Shutting down and abandoning module MatineeToLevelSequence (214)
[2016.10.10-10.13.57:654][910]LogModuleManager: Shutting down and abandoning module PlacementMode (213)
[2016.10.10-10.13.57:654][910]LogModuleManager: Shutting down and abandoning module LevelSequenceEditor (212)
[2016.10.10-10.13.57:654][910]LogModuleManager: Shutting down and abandoning module WmfMediaFactory (211)
[2016.10.10-10.13.57:654][910]LogModuleManager: Shutting down and abandoning module WmfMediaEditor (210)
[2016.10.10-10.13.57:654][910]LogModuleManager: Shutting down and abandoning module AvfMediaFactory (209)
[2016.10.10-10.13.57:654][910]LogModuleManager: Shutting down and abandoning module AvfMediaEditor (208)
[2016.10.10-10.13.57:654][910]LogModuleManager: Shutting down and abandoning module Media (207)
[2016.10.10-10.13.57:654][910]LogModuleManager: Shutting down and abandoning module AndroidMediaFactory (206)
[2016.10.10-10.13.57:654][910]LogModuleManager: Shutting down and abandoning module AndroidMediaEditor (205)
[2016.10.10-10.13.57:654][910]LogModuleManager: Shutting down and abandoning module CharacterAI (204)
[2016.10.10-10.13.57:654][910]LogModuleManager: Shutting down and abandoning module SmartSnapping (203)
[2016.10.10-10.13.57:654][910]LogModuleManager: Shutting down and abandoning module SessionServices (202)
[2016.10.10-10.13.57:654][910]LogModuleManager: Shutting down and abandoning module ViewportSnapping (201)
[2016.10.10-10.13.57:654][910]LogModuleManager: Shutting down and abandoning module ViewportInteraction (200)
[2016.10.10-10.13.57:654][910]LogModuleManager: Shutting down and abandoning module LogVisualizer (199)
[2016.10.10-10.13.57:655][910]LogModuleManager: Shutting down and abandoning module GameProjectGeneration (198)
[2016.10.10-10.13.57:655][910]LogModuleManager: Shutting down and abandoning module IntroTutorials (197)
[2016.10.10-10.13.57:655][910]LogModuleManager: Shutting down and abandoning module EditorLiveStreaming (196)
[2016.10.10-10.13.57:655][910]LogModuleManager: Shutting down and abandoning module IOSPlatformEditor (195)
[2016.10.10-10.13.57:655][910]LogModuleManager: Shutting down and abandoning module HTML5PlatformEditor (194)
[2016.10.10-10.13.57:655][910]LogModuleManager: Shutting down and abandoning module AndroidDeviceDetection (193)
[2016.10.10-10.13.58:143][910]LogModuleManager: Shutting down and abandoning module AndroidPlatformEditor (192)
[2016.10.10-10.13.58:143][910]LogModuleManager: Shutting down and abandoning module IOSRuntimeSettings (191)
[2016.10.10-10.13.58:143][910]LogModuleManager: Shutting down and abandoning module AndroidRuntimeSettings (190)
[2016.10.10-10.13.58:143][910]LogModuleManager: Shutting down and abandoning module NiagaraEditor (189)
[2016.10.10-10.13.58:143][910]LogModuleManager: Shutting down and abandoning module MergeActors (188)
[2016.10.10-10.13.58:143][910]LogModuleManager: Shutting down and abandoning module SizeMap (187)
[2016.10.10-10.13.58:143][910]LogModuleManager: Shutting down and abandoning module TreeMap (186)
[2016.10.10-10.13.58:143][910]LogModuleManager: Shutting down and abandoning module ReferenceViewer (185)
[2016.10.10-10.13.58:143][910]LogModuleManager: Shutting down and abandoning module LocalizationService (184)
[2016.10.10-10.13.58:143][910]LogModuleManager: Shutting down and abandoning module LocalizationDashboard (183)
[2016.10.10-10.13.58:143][910]LogModuleManager: Shutting down and abandoning module HardwareTargeting (182)
[2016.10.10-10.13.58:143][910]LogModuleManager: Shutting down and abandoning module DeviceProfileEditor (181)
[2016.10.10-10.13.58:143][910]LogModuleManager: Shutting down and abandoning module UndoHistory (180)
[2016.10.10-10.13.58:143][910]LogModuleManager: Shutting down and abandoning module UserFeedback (179)
[2016.10.10-10.13.58:143][910]LogModuleManager: Shutting down and abandoning module XmlParser (178)
[2016.10.10-10.13.58:143][910]LogModuleManager: Shutting down and abandoning module Blutility (177)
[2016.10.10-10.13.58:143][910]LogModuleManager: Shutting down and abandoning module ProjectTargetPlatformEditor (176)
[2016.10.10-10.13.58:144][910]LogModuleManager: Shutting down and abandoning module ProjectSettingsViewer (175)
[2016.10.10-10.13.58:144][910]LogModuleManager: Shutting down and abandoning module InputBindingEditor (174)
[2016.10.10-10.13.58:144][910]LogModuleManager: Shutting down and abandoning module EditorSettingsViewer (173)
[2016.10.10-10.13.58:144][910]LogModuleManager: Shutting down and abandoning module SettingsEditor (172)
[2016.10.10-10.13.58:144][910]LogModuleManager: Shutting down and abandoning module ProjectLauncher (171)
[2016.10.10-10.13.58:144][910]LogModuleManager: Shutting down and abandoning module SessionFrontend (170)
[2016.10.10-10.13.58:144][910]LogModuleManager: Shutting down and abandoning module ProfilerClient (169)
[2016.10.10-10.13.58:144][910]LogModuleManager: Shutting down and abandoning module TargetDeviceServices (168)
[2016.10.10-10.13.58:144][910]LogModuleManager: Shutting down and abandoning module DeviceManager (167)
[2016.10.10-10.13.58:197][910]LogModuleManager: Shutting down and abandoning module AutomationController (166)
[2016.10.10-10.13.58:197][910]LogModuleManager: Shutting down and abandoning module AutomationWindow (165)
[2016.10.10-10.13.58:197][910]LogModuleManager: Shutting down and abandoning module Layers (164)
[2016.10.10-10.13.58:197][910]LogModuleManager: Shutting down and abandoning module ComponentVisualizers (163)
[2016.10.10-10.13.58:197][910]LogModuleManager: Shutting down and abandoning module DetailCustomizations (162)
[2016.10.10-10.13.58:197][910]LogModuleManager: Shutting down and abandoning module PackagesDialog (161)
[2016.10.10-10.13.58:197][910]LogModuleManager: Shutting down and abandoning module AnimGraph (160)
[2016.10.10-10.13.58:197][910]LogModuleManager: Shutting down and abandoning module Persona (159)
[2016.10.10-10.13.58:197][910]LogModuleManager: Shutting down and abandoning module Kismet (158)
[2016.10.10-10.13.58:203][910]LogModuleManager: Shutting down and abandoning module GraphEditor (157)
[2016.10.10-10.13.58:203][910]LogModuleManager: Shutting down and abandoning module ClassViewer (156)
[2016.10.10-10.13.58:203][910]LogModuleManager: Shutting down and abandoning module Toolbox (155)
[2016.10.10-10.13.58:203][910]LogModuleManager: Shutting down and abandoning module ModuleUI (154)
[2016.10.10-10.13.58:203][910]LogModuleManager: Shutting down and abandoning module MovieSceneTools (153)
[2016.10.10-10.13.58:203][910]LogModuleManager: Shutting down and abandoning module OutputLog (152)
[2016.10.10-10.13.58:203][910]LogModuleManager: Shutting down and abandoning module GammaUI (151)
[2016.10.10-10.13.58:203][910]LogModuleManager: Shutting down and abandoning module Documentation (150)
[2016.10.10-10.13.58:203][910]LogModuleManager: Shutting down and abandoning module Niagara (149)
[2016.10.10-10.13.58:203][910]LogModuleManager: Shutting down and abandoning module StreamingPauseRendering (148)
[2016.10.10-10.13.58:203][910]LogModuleManager: Shutting down and abandoning module AnalyticsET (147)
[2016.10.10-10.13.58:203][910]LogModuleManager: Shutting down and abandoning module PortalServices (146)
[2016.10.10-10.13.58:203][910]LogModuleManager: Shutting down and abandoning module PortalRpc (145)
[2016.10.10-10.13.58:203][910]LogModuleManager: Shutting down and abandoning module MessagingRpc (144)
[2016.10.10-10.13.58:203][910]LogModuleManager: Shutting down and abandoning module GameplayDebugger (143)
[2016.10.10-10.13.58:203][910]LogModuleManager: Shutting down and abandoning module AITestSuite (142)
[2016.10.10-10.13.58:203][910]LogModuleManager: Shutting down and abandoning module AIModule (141)
[2016.10.10-10.13.58:203][910]LogModuleManager: Shutting down and abandoning module ProfilerService (140)
[2016.10.10-10.13.58:209][910]LogModuleManager: Shutting down and abandoning module TaskGraph (139)
[2016.10.10-10.13.58:209][910]LogModuleManager: Shutting down and abandoning module SlateRemote (138)
[2016.10.10-10.13.58:209][910]LogModuleManager: Shutting down and abandoning module SteamVRController (137)
[2016.10.10-10.13.58:209][910]LogModuleManager: Shutting down and abandoning module SteamVR (136)
[2016.10.10-10.13.58:209][910]LogModuleManager: Shutting down and abandoning module ProceduralMeshComponentEditor (135)
[2016.10.10-10.13.58:209][910]LogModuleManager: Shutting down and abandoning module ProceduralMeshComponent (134)
[2016.10.10-10.13.58:209][910]LogModuleManager: Shutting down and abandoning module OculusLibrary (133)
[2016.10.10-10.13.58:209][910]LogModuleManager: Shutting down and abandoning module OculusInput (132)
[2016.10.10-10.13.58:209][910]LogModuleManager: Shutting down and abandoning module CustomMeshComponent (131)
[2016.10.10-10.13.58:209][910]LogModuleManager: Shutting down and abandoning module CableComponent (130)
[2016.10.10-10.13.58:209][910]LogModuleManager: Shutting down and abandoning module ArchVisCharacter (129)
[2016.10.10-10.13.58:209][910]LogModuleManager: Shutting down and abandoning module MediaPlayerEditor (127)
[2016.10.10-10.13.58:209][910]LogModuleManager: Shutting down and abandoning module HTML5Networking (126)
[2016.10.10-10.13.58:209][910]LogModuleManager: Shutting down and abandoning module GeometryCacheEd (125)
[2016.10.10-10.13.58:209][910]LogModuleManager: Shutting down and abandoning module GeometryCache (124)
[2016.10.10-10.13.58:209][910]LogModuleManager: Shutting down and abandoning module AlembicLibrary (123)
[2016.10.10-10.13.58:209][910]LogModuleManager: Shutting down and abandoning module AlembicImporter (122)
[2016.10.10-10.13.58:209][910]LogModuleManager: Shutting down and abandoning module SuperSearch (121)
[2016.10.10-10.13.58:209][910]LogModuleManager: Shutting down and abandoning module SuperSearchEditor (120)
[2016.10.10-10.13.58:209][910]LogModuleManager: Shutting down and abandoning module SpeedTreeImporter (119)
[2016.10.10-10.13.58:209][910]LogModuleManager: Shutting down and abandoning module PluginBrowser (118)
[2016.10.10-10.13.58:209][910]LogModuleManager: Shutting down and abandoning module MobileLauncherProfileWizard (117)
[2016.10.10-10.13.58:209][910]LogModuleManager: Shutting down and abandoning module EpicSurvey (116)
[2016.10.10-10.13.58:210][910]LogModuleManager: Shutting down and abandoning module DesktopPlatform (115)
[2016.10.10-10.13.58:210][910]LogModuleManager: Shutting down and abandoning module VisualStudioSourceCodeAccess (114)
[2016.10.10-10.13.58:210][910]LogModuleManager: Shutting down and abandoning module UObjectPlugin (113)
[2016.10.10-10.13.58:210][910]LogModuleManager: Shutting down and abandoning module SubversionSourceControl (112)
[2016.10.10-10.13.58:210][910]LogModuleManager: Shutting down and abandoning module PerforceSourceControl (111)
[2016.10.10-10.13.58:210][910]LogModuleManager: Shutting down and abandoning module SourceControl (110)
[2016.10.10-10.13.58:210][910]LogModuleManager: Shutting down and abandoning module GitSourceControl (109)
[2016.10.10-10.13.58:210][910]LogModuleManager: Shutting down and abandoning module LightPropagationVolumeEditor (108)
[2016.10.10-10.13.58:210][910]LogModuleManager: Shutting down and abandoning module PaperTiledImporter (107)
[2016.10.10-10.13.58:210][910]LogModuleManager: Shutting down and abandoning module PaperSpriteSheetImporter (106)
[2016.10.10-10.13.58:210][910]LogModuleManager: Shutting down and abandoning module MeshPaint (105)
[2016.10.10-10.13.58:210][910]LogModuleManager: Shutting down and abandoning module FbxAutomationBuilderModule (104)
[2016.10.10-10.13.58:210][910]LogModuleManager: Shutting down and abandoning module PixelInspectorModule (103)
[2016.10.10-10.13.58:210][910]LogModuleManager: Shutting down and abandoning module HotReload (102)
[2016.10.10-10.13.58:210][910]LogDirectoryWatcher: A directory notification for 'D:/GamesProgrammingGit/Games Programming/Spike17/Spike17/Binaries/Win64' was aborted.
[2016.10.10-10.13.58:210][910]LogModuleManager: Shutting down and abandoning module MainFrame (101)
[2016.10.10-10.13.58:210][910]LogModuleManager: Shutting down and abandoning module LevelEditor (100)
[2016.10.10-10.13.58:211][910]LogModuleManager: Shutting down and abandoning module ContentBrowser (99)
[2016.10.10-10.13.58:212][910]LogModuleManager: Shutting down and abandoning module Paper2DEditor (98)
[2016.10.10-10.13.58:212][910]LogModuleManager: Shutting down and abandoning module Spike17 (97)
[2016.10.10-10.13.58:212][910]LogModuleManager: Shutting down and abandoning module UdpMessaging (96)
[2016.10.10-10.13.58:312][910]LogModuleManager: Shutting down and abandoning module TcpMessaging (95)
[2016.10.10-10.13.58:413][910]LogModuleManager: Shutting down and abandoning module LightPropagationVolumeRuntime (94)
[2016.10.10-10.13.58:413][910]LogModuleManager: Shutting down and abandoning module Paper2D (93)
[2016.10.10-10.13.58:413][910]LogModuleManager: Shutting down and abandoning module WindowsMoviePlayer (92)
[2016.10.10-10.13.58:413][910]LogModuleManager: Shutting down and abandoning module WmfMedia (91)
[2016.10.10-10.13.58:413][910]LogModuleManager: Shutting down and abandoning module MediaAssets (90)
[2016.10.10-10.13.58:413][910]LogModuleManager: Shutting down and abandoning module GameLiveStreaming (89)
[2016.10.10-10.13.58:413][910]LogModuleManager: Shutting down and abandoning module GameplayTagsEditor (88)
[2016.10.10-10.13.58:413][910]LogModuleManager: Shutting down and abandoning module VREditor (87)
[2016.10.10-10.13.58:413][910]LogModuleManager: Shutting down and abandoning module GameplayTasksEditor (86)
[2016.10.10-10.13.58:413][910]LogModuleManager: Shutting down and abandoning module PropertyEditor (85)
[2016.10.10-10.13.58:413][910]LogModuleManager: Shutting down and abandoning module BehaviorTreeEditor (84)
[2016.10.10-10.13.58:413][910]LogModuleManager: Shutting down and abandoning module FunctionalTesting (83)
[2016.10.10-10.13.58:413][910]LogModuleManager: Shutting down and abandoning module CollisionAnalyzer (82)
[2016.10.10-10.13.58:413][910]LogModuleManager: Shutting down and abandoning module Sequencer (81)
[2016.10.10-10.13.58:413][910]LogModuleManager: Shutting down and abandoning module WorkspaceMenuStructure (80)
[2016.10.10-10.13.58:413][910]LogModuleManager: Shutting down and abandoning module MessageLog (79)
[2016.10.10-10.13.58:413][910]LogModuleManager: Shutting down and abandoning module AssetTools (78)
[2016.10.10-10.13.58:413][910]LogModuleManager: Shutting down and abandoning module UMGEditor (77)
[2016.10.10-10.13.58:413][910]LogModuleManager: Shutting down and abandoning module UMG (76)
[2016.10.10-10.13.58:413][910]LogModuleManager: Shutting down and abandoning module SlateReflector (75)
[2016.10.10-10.13.58:413][910]LogModuleManager: Shutting down and abandoning module Slate (74)
[2016.10.10-10.13.58:413][910]LogModuleManager: Shutting down and abandoning module EditorStyle (73)
[2016.10.10-10.13.58:416][910]LogModuleManager: Shutting down and abandoning module SourceCodeAccess (72)
[2016.10.10-10.13.58:416][910]LogModuleManager: Shutting down and abandoning module HeadMountedDisplay (71)
[2016.10.10-10.13.58:416][910]LogModuleManager: Shutting down and abandoning module XAudio2 (70)
[2016.10.10-10.13.58:416][910]LogModuleManager: Shutting down and abandoning module Networking (68)
[2016.10.10-10.13.58:416][910]LogModuleManager: Shutting down and abandoning module Core (67)
[2016.10.10-10.13.58:416][910]LogModuleManager: Shutting down and abandoning module DirectoryWatcher (66)
[2016.10.10-10.13.58:416][910]LogDirectoryWatcher: A directory notification for '../../../Engine/Content/' was aborted.
[2016.10.10-10.13.58:416][910]LogDirectoryWatcher: A directory notification for '../../../../../GamesProgrammingGit/Games Programming/Spike17/Spike17/Content/' was aborted.
[2016.10.10-10.13.58:416][910]LogDirectoryWatcher: A directory notification for '../../../Engine/Plugins/2D/Paper2D/Content/' was aborted.
[2016.10.10-10.13.58:417][910]LogModuleManager: Shutting down and abandoning module AssetRegistry (65)
[2016.10.10-10.13.58:487][910]LogModuleManager: Shutting down and abandoning module KismetCompiler (64)
[2016.10.10-10.13.58:487][910]LogModuleManager: Shutting down and abandoning module PhysXFormats (63)
[2016.10.10-10.13.58:487][910]LogModuleManager: Shutting down and abandoning module MeshUtilities (62)
[2016.10.10-10.13.58:487][910]LogModuleManager: Shutting down and abandoning module DerivedDataCache (61)
[2016.10.10-10.13.58:511][910]LogDerivedDataCache: Shutdown
[2016.10.10-10.13.58:512][910]LogModuleManager: Shutting down and abandoning module VulkanShaderFormat (60)
[2016.10.10-10.13.58:512][910]LogModuleManager: Shutting down and abandoning module ShaderFormatOpenGL (59)
[2016.10.10-10.13.58:512][910]LogModuleManager: Shutting down and abandoning module ShaderFormatD3D (58)
[2016.10.10-10.13.58:512][910]LogModuleManager: Shutting down and abandoning module MetalShaderFormat (57)
[2016.10.10-10.13.58:512][910]LogModuleManager: Shutting down and abandoning module TextureFormatUncompressed (56)
[2016.10.10-10.13.58:512][910]LogModuleManager: Shutting down and abandoning module TextureFormatPVR (55)
[2016.10.10-10.13.58:512][910]LogModuleManager: Shutting down and abandoning module TextureFormatDXT (54)
[2016.10.10-10.13.58:512][910]LogModuleManager: Shutting down and abandoning module TextureFormatIntelISPCTexComp (53)
[2016.10.10-10.13.58:512][910]LogModuleManager: Shutting down and abandoning module ImageWrapper (52)
[2016.10.10-10.13.58:512][910]LogModuleManager: Shutting down and abandoning module TextureFormatASTC (51)
[2016.10.10-10.13.58:512][910]LogModuleManager: Shutting down and abandoning module TextureFormatAndroid (50)
[2016.10.10-10.13.58:512][910]LogModuleManager: Shutting down and abandoning module AudioFormatOpus (49)
[2016.10.10-10.13.58:512][910]LogModuleManager: Shutting down and abandoning module AudioFormatOgg (48)
[2016.10.10-10.13.58:512][910]LogModuleManager: Shutting down and abandoning module AudioFormatADPCM (47)
[2016.10.10-10.13.58:512][910]LogModuleManager: Shutting down and abandoning module LinuxTargetPlatform (46)
[2016.10.10-10.13.58:512][910]LogModuleManager: Shutting down and abandoning module LinuxServerTargetPlatform (45)
[2016.10.10-10.13.58:512][910]LogModuleManager: Shutting down and abandoning module LinuxNoEditorTargetPlatform (44)
[2016.10.10-10.13.58:512][910]LogModuleManager: Shutting down and abandoning module LinuxClientTargetPlatform (43)
[2016.10.10-10.13.58:512][910]LogModuleManager: Shutting down and abandoning module TVOSTargetPlatform (42)
[2016.10.10-10.13.58:512][910]LogModuleManager: Shutting down and abandoning module Messaging (41)
[2016.10.10-10.13.58:512][910]LogModuleManager: Shutting down and abandoning module IOSTargetPlatform (40)
[2016.10.10-10.13.58:512][910]LogModuleManager: Shutting down and abandoning module HTML5TargetPlatform (39)
[2016.10.10-10.13.58:512][910]LogModuleManager: Shutting down and abandoning module Android_PVRTCTargetPlatform (38)
[2016.10.10-10.13.58:512][910]LogModuleManager: Shutting down and abandoning module Android_MultiTargetPlatform (37)
[2016.10.10-10.13.58:512][910]LogModuleManager: Shutting down and abandoning module Android_ETC2TargetPlatform (36)
[2016.10.10-10.13.58:512][910]LogModuleManager: Shutting down and abandoning module Android_ETC1TargetPlatform (35)
[2016.10.10-10.13.58:512][910]LogModuleManager: Shutting down and abandoning module Android_DXTTargetPlatform (34)
[2016.10.10-10.13.58:512][910]LogModuleManager: Shutting down and abandoning module Android_ATCTargetPlatform (33)
[2016.10.10-10.13.58:512][910]LogModuleManager: Shutting down and abandoning module Android_ASTCTargetPlatform (32)
[2016.10.10-10.13.58:512][910]LogModuleManager: Shutting down and abandoning module AndroidTargetPlatform (31)
[2016.10.10-10.13.58:512][910]LogModuleManager: Shutting down and abandoning module WindowsTargetPlatform (30)
[2016.10.10-10.13.58:512][910]LogModuleManager: Shutting down and abandoning module WindowsServerTargetPlatform (29)
[2016.10.10-10.13.58:512][910]LogModuleManager: Shutting down and abandoning module WindowsNoEditorTargetPlatform (28)
[2016.10.10-10.13.58:512][910]LogModuleManager: Shutting down and abandoning module WindowsClientTargetPlatform (27)
[2016.10.10-10.13.58:512][910]LogModuleManager: Shutting down and abandoning module AllDesktopTargetPlatform (26)
[2016.10.10-10.13.58:512][910]LogModuleManager: Shutting down and abandoning module TargetPlatform (25)
[2016.10.10-10.13.58:512][910]LogModuleManager: Shutting down and abandoning module InputCore (24)
[2016.10.10-10.13.58:512][910]LogModuleManager: Shutting down and abandoning module Settings (23)
[2016.10.10-10.13.58:512][910]LogModuleManager: Shutting down and abandoning module OculusRift (22)
[2016.10.10-10.13.58:512][910]LogModuleManager: Shutting down and abandoning module GearVR (21)
[2016.10.10-10.13.58:512][910]LogModuleManager: Shutting down and abandoning module ExampleDeviceProfileSelector (20)
[2016.10.10-10.13.58:512][910]LogModuleManager: Shutting down and abandoning module OnlineBlueprintSupport (19)
[2016.10.10-10.13.58:512][910]LogModuleManager: Shutting down and abandoning module OnlineSubsystem (17)
[2016.10.10-10.13.58:512][910]LogOnline:Display: Unloading online subsystem: NULL
[2016.10.10-10.13.58:512][910]LogModuleManager: Shutting down and abandoning module HTTP (16)
[2016.10.10-10.13.58:512][910]LogHttp:Display: Http module shutting down, but needs to wait on 1 outstanding Http requests:
[2016.10.10-10.13.58:512][910]LogHttp:Display: 	verb=[POST] url=[https://datarouter.ol.epicgames.com/datarouter/api/v1/public/data?SessionID=%7B1C8882A7-4A90-69F1-C2DD-60B0A3C2F4A3%7D&AppID=UEEditor.Rocket.Release&AppVersion=4.13.1-3142249%2B%2B%2BUE4%2BRelease-4.13&UserID=724f30ba428bf2cce87d2ea05328757d%7Cabd79df5888640c782a9128895c599cd%7C747d3c09-0185-4021-bab7-6ef42dd5fa6a&AppEnvironment=datacollector-binary&UploadType=eteventstream] status=Processing
[2016.10.10-10.13.58:514][910]LogModuleManager: Shutting down and abandoning module XMPP (15)
[2016.10.10-10.13.58:514][910]LogModuleManager: Shutting down and abandoning module TextureCompressor (14)
[2016.10.10-10.13.58:514][910]LogModuleManager: Shutting down and abandoning module ShaderCore (13)
[2016.10.10-10.13.58:514][910]LogModuleManager: Shutting down and abandoning module Landscape (12)
[2016.10.10-10.13.58:514][910]LogModuleManager: Shutting down and abandoning module SlateRHIRenderer (11)
[2016.10.10-10.13.58:516][910]LogModuleManager: Shutting down and abandoning module OpenGLDrv (10)
[2016.10.10-10.13.58:516][910]LogModuleManager: Shutting down and abandoning module D3D11RHI (9)
[2016.10.10-10.13.58:516][910]LogModuleManager: Shutting down and abandoning module AnimGraphRuntime (8)
[2016.10.10-10.13.58:516][910]LogModuleManager: Shutting down and abandoning module Renderer (7)
[2016.10.10-10.13.58:516][910]LogModuleManager: Shutting down and abandoning module Engine (6)
[2016.10.10-10.13.58:516][910]LogModuleManager: Shutting down and abandoning module CoreUObject (5)
[2016.10.10-10.13.58:516][910]LogModuleManager: Shutting down and abandoning module NetworkFile (4)
[2016.10.10-10.13.58:516][910]LogModuleManager: Shutting down and abandoning module StreamingFile (3)
[2016.10.10-10.13.58:516][910]LogModuleManager: Shutting down and abandoning module SandboxFile (2)
[2016.10.10-10.13.58:516][910]LogModuleManager: Shutting down and abandoning module PakFile (1)
[2016.10.10-10.13.58:520][910]LogExit: Exiting.
[2016.10.10-10.13.58:522][910]Log file closed, 10/10/16 21:13:58
